
*** Running vivado
    with args -log axi_quad_spi_0.vds -m64 -product Vivado -mode batch -messageDb vivado.pb -notrace -source axi_quad_spi_0.tcl


****** Vivado v2021.1 (64-bit)
  **** SW Build 3247384 on Thu Jun 10 19:36:07 MDT 2021
  **** IP Build 3246043 on Fri Jun 11 00:30:35 MDT 2021
    ** Copyright 1986-2021 Xilinx, Inc. All Rights Reserved.

source axi_quad_spi_0.tcl -notrace
Command: synth_design -top axi_quad_spi_0 -part xc7a35ticsg324-1L -mode out_of_context
Starting synth_design
Attempting to get a license for feature 'Synthesis' and/or device 'xc7a35ti'
INFO: [Common 17-349] Got license for feature 'Synthesis' and/or device 'xc7a35ti'
INFO: [Device 21-403] Loading part xc7a35ticsg324-1L
INFO: [Synth 8-7079] Multithreading enabled for synth_design using a maximum of 4 processes.
INFO: [Synth 8-7078] Launching helper process for spawning children vivado processes
INFO: [Synth 8-7075] Helper process launched with PID 96700
---------------------------------------------------------------------------------
Starting RTL Elaboration : Time (s): cpu = 00:00:07 ; elapsed = 00:00:11 . Memory (MB): peak = 2438.664 ; gain = 0.000 ; free physical = 138 ; free virtual = 2576
---------------------------------------------------------------------------------
INFO: [Synth 8-638] synthesizing module 'axi_quad_spi_0' [/home/chilin/emb/HW4/aquila_sd/aquila_sd.gen/sources_1/ip/axi_quad_spi_0/synth/axi_quad_spi_0.vhd:97]
	Parameter Async_Clk bound to: 0 - type: integer 
	Parameter C_FAMILY bound to: artix7 - type: string 
	Parameter C_SELECT_XPM bound to: 1 - type: integer 
	Parameter C_SUB_FAMILY bound to: artix7 - type: string 
	Parameter C_INSTANCE bound to: axi_quad_spi_inst - type: string 
	Parameter C_SPI_MEM_ADDR_BITS bound to: 24 - type: integer 
	Parameter C_TYPE_OF_AXI4_INTERFACE bound to: 0 - type: integer 
	Parameter C_XIP_MODE bound to: 0 - type: integer 
	Parameter C_XIP_PERF_MODE bound to: 1 - type: integer 
	Parameter C_BYTE_LEVEL_INTERRUPT_EN bound to: 0 - type: integer 
	Parameter C_UC_FAMILY bound to: 0 - type: integer 
	Parameter C_FIFO_DEPTH bound to: 256 - type: integer 
	Parameter C_SCK_RATIO bound to: 4 - type: integer 
	Parameter C_DUAL_QUAD_MODE bound to: 0 - type: integer 
	Parameter C_NUM_SS_BITS bound to: 1 - type: integer 
	Parameter C_NUM_TRANSFER_BITS bound to: 8 - type: integer 
	Parameter C_NEW_SEQ_EN bound to: 1 - type: integer 
	Parameter C_SPI_MODE bound to: 0 - type: integer 
	Parameter C_USE_STARTUP bound to: 0 - type: integer 
	Parameter C_USE_STARTUP_EXT bound to: 0 - type: integer 
	Parameter C_SPI_MEMORY bound to: 1 - type: integer 
	Parameter C_S_AXI_ADDR_WIDTH bound to: 7 - type: integer 
	Parameter C_S_AXI_DATA_WIDTH bound to: 32 - type: integer 
	Parameter C_S_AXI4_ADDR_WIDTH bound to: 24 - type: integer 
	Parameter C_S_AXI4_DATA_WIDTH bound to: 32 - type: integer 
	Parameter C_S_AXI4_ID_WIDTH bound to: 4 - type: integer 
	Parameter C_SHARED_STARTUP bound to: 0 - type: integer 
	Parameter C_S_AXI4_BASEADDR bound to: 32'b11111111111111111111111111111111 
	Parameter C_S_AXI4_HIGHADDR bound to: 32'b00000000000000000000000000000000 
	Parameter C_LSB_STUP bound to: 0 - type: integer 
INFO: [Synth 8-3491] module 'axi_quad_spi' declared at '/home/chilin/emb/HW4/aquila_sd/aquila_sd.gen/sources_1/ip/axi_quad_spi_0/hdl/axi_quad_spi_v3_2_rfs.vhd:36498' bound to instance 'U0' of component 'axi_quad_spi' [/home/chilin/emb/HW4/aquila_sd/aquila_sd.gen/sources_1/ip/axi_quad_spi_0/synth/axi_quad_spi_0.vhd:290]
INFO: [Synth 8-638] synthesizing module 'axi_quad_spi' [/home/chilin/emb/HW4/aquila_sd/aquila_sd.gen/sources_1/ip/axi_quad_spi_0/hdl/axi_quad_spi_v3_2_rfs.vhd:36738]
INFO: [Synth 8-638] synthesizing module 'axi_quad_spi_top' [/home/chilin/emb/HW4/aquila_sd/aquila_sd.gen/sources_1/ip/axi_quad_spi_0/hdl/axi_quad_spi_v3_2_rfs.vhd:34994]
	Parameter INIT bound to: 1'b0 
INFO: [Synth 8-113] binding component instance 'IO0_I_REG' to cell 'FD' [/home/chilin/emb/HW4/aquila_sd/aquila_sd.gen/sources_1/ip/axi_quad_spi_0/hdl/axi_quad_spi_v3_2_rfs.vhd:35463]
	Parameter INIT bound to: 1'b0 
INFO: [Synth 8-113] binding component instance 'IO1_I_REG' to cell 'FD' [/home/chilin/emb/HW4/aquila_sd/aquila_sd.gen/sources_1/ip/axi_quad_spi_0/hdl/axi_quad_spi_v3_2_rfs.vhd:35474]
	Parameter INIT bound to: 1'b0 
INFO: [Synth 8-113] binding component instance 'IO2_I_REG' to cell 'FD' [/home/chilin/emb/HW4/aquila_sd/aquila_sd.gen/sources_1/ip/axi_quad_spi_0/hdl/axi_quad_spi_v3_2_rfs.vhd:35485]
	Parameter INIT bound to: 1'b0 
INFO: [Synth 8-113] binding component instance 'IO3_I_REG' to cell 'FD' [/home/chilin/emb/HW4/aquila_sd/aquila_sd.gen/sources_1/ip/axi_quad_spi_0/hdl/axi_quad_spi_v3_2_rfs.vhd:35497]
INFO: [Synth 8-638] synthesizing module 'axi_lite_ipif' [/home/chilin/emb/HW4/aquila_sd/aquila_sd.gen/sources_1/ip/axi_quad_spi_0/hdl/axi_lite_ipif_v3_0_vh_rfs.vhd:2948]
INFO: [Synth 8-638] synthesizing module 'slave_attachment' [/home/chilin/emb/HW4/aquila_sd/aquila_sd.gen/sources_1/ip/axi_quad_spi_0/hdl/axi_lite_ipif_v3_0_vh_rfs.vhd:2341]
INFO: [Synth 8-638] synthesizing module 'address_decoder' [/home/chilin/emb/HW4/aquila_sd/aquila_sd.gen/sources_1/ip/axi_quad_spi_0/hdl/axi_lite_ipif_v3_0_vh_rfs.vhd:1775]
INFO: [Synth 8-638] synthesizing module 'axi_lite_ipif_v3_0_4_pselect_f' [/home/chilin/emb/HW4/aquila_sd/aquila_sd.gen/sources_1/ip/axi_quad_spi_0/hdl/axi_lite_ipif_v3_0_vh_rfs.vhd:1534]
INFO: [Synth 8-256] done synthesizing module 'axi_lite_ipif_v3_0_4_pselect_f' (1#1) [/home/chilin/emb/HW4/aquila_sd/aquila_sd.gen/sources_1/ip/axi_quad_spi_0/hdl/axi_lite_ipif_v3_0_vh_rfs.vhd:1534]
INFO: [Synth 8-638] synthesizing module 'axi_lite_ipif_v3_0_4_pselect_f__parameterized0' [/home/chilin/emb/HW4/aquila_sd/aquila_sd.gen/sources_1/ip/axi_quad_spi_0/hdl/axi_lite_ipif_v3_0_vh_rfs.vhd:1534]
INFO: [Synth 8-256] done synthesizing module 'axi_lite_ipif_v3_0_4_pselect_f__parameterized0' (1#1) [/home/chilin/emb/HW4/aquila_sd/aquila_sd.gen/sources_1/ip/axi_quad_spi_0/hdl/axi_lite_ipif_v3_0_vh_rfs.vhd:1534]
INFO: [Synth 8-638] synthesizing module 'axi_lite_ipif_v3_0_4_pselect_f__parameterized1' [/home/chilin/emb/HW4/aquila_sd/aquila_sd.gen/sources_1/ip/axi_quad_spi_0/hdl/axi_lite_ipif_v3_0_vh_rfs.vhd:1534]
INFO: [Synth 8-256] done synthesizing module 'axi_lite_ipif_v3_0_4_pselect_f__parameterized1' (1#1) [/home/chilin/emb/HW4/aquila_sd/aquila_sd.gen/sources_1/ip/axi_quad_spi_0/hdl/axi_lite_ipif_v3_0_vh_rfs.vhd:1534]
INFO: [Synth 8-638] synthesizing module 'axi_lite_ipif_v3_0_4_pselect_f__parameterized2' [/home/chilin/emb/HW4/aquila_sd/aquila_sd.gen/sources_1/ip/axi_quad_spi_0/hdl/axi_lite_ipif_v3_0_vh_rfs.vhd:1534]
INFO: [Synth 8-256] done synthesizing module 'axi_lite_ipif_v3_0_4_pselect_f__parameterized2' (1#1) [/home/chilin/emb/HW4/aquila_sd/aquila_sd.gen/sources_1/ip/axi_quad_spi_0/hdl/axi_lite_ipif_v3_0_vh_rfs.vhd:1534]
INFO: [Synth 8-638] synthesizing module 'axi_lite_ipif_v3_0_4_pselect_f__parameterized3' [/home/chilin/emb/HW4/aquila_sd/aquila_sd.gen/sources_1/ip/axi_quad_spi_0/hdl/axi_lite_ipif_v3_0_vh_rfs.vhd:1534]
INFO: [Synth 8-256] done synthesizing module 'axi_lite_ipif_v3_0_4_pselect_f__parameterized3' (1#1) [/home/chilin/emb/HW4/aquila_sd/aquila_sd.gen/sources_1/ip/axi_quad_spi_0/hdl/axi_lite_ipif_v3_0_vh_rfs.vhd:1534]
INFO: [Synth 8-638] synthesizing module 'axi_lite_ipif_v3_0_4_pselect_f__parameterized4' [/home/chilin/emb/HW4/aquila_sd/aquila_sd.gen/sources_1/ip/axi_quad_spi_0/hdl/axi_lite_ipif_v3_0_vh_rfs.vhd:1534]
INFO: [Synth 8-256] done synthesizing module 'axi_lite_ipif_v3_0_4_pselect_f__parameterized4' (1#1) [/home/chilin/emb/HW4/aquila_sd/aquila_sd.gen/sources_1/ip/axi_quad_spi_0/hdl/axi_lite_ipif_v3_0_vh_rfs.vhd:1534]
INFO: [Synth 8-638] synthesizing module 'axi_lite_ipif_v3_0_4_pselect_f__parameterized5' [/home/chilin/emb/HW4/aquila_sd/aquila_sd.gen/sources_1/ip/axi_quad_spi_0/hdl/axi_lite_ipif_v3_0_vh_rfs.vhd:1534]
INFO: [Synth 8-256] done synthesizing module 'axi_lite_ipif_v3_0_4_pselect_f__parameterized5' (1#1) [/home/chilin/emb/HW4/aquila_sd/aquila_sd.gen/sources_1/ip/axi_quad_spi_0/hdl/axi_lite_ipif_v3_0_vh_rfs.vhd:1534]
INFO: [Synth 8-638] synthesizing module 'axi_lite_ipif_v3_0_4_pselect_f__parameterized6' [/home/chilin/emb/HW4/aquila_sd/aquila_sd.gen/sources_1/ip/axi_quad_spi_0/hdl/axi_lite_ipif_v3_0_vh_rfs.vhd:1534]
INFO: [Synth 8-256] done synthesizing module 'axi_lite_ipif_v3_0_4_pselect_f__parameterized6' (1#1) [/home/chilin/emb/HW4/aquila_sd/aquila_sd.gen/sources_1/ip/axi_quad_spi_0/hdl/axi_lite_ipif_v3_0_vh_rfs.vhd:1534]
INFO: [Synth 8-638] synthesizing module 'axi_lite_ipif_v3_0_4_pselect_f__parameterized7' [/home/chilin/emb/HW4/aquila_sd/aquila_sd.gen/sources_1/ip/axi_quad_spi_0/hdl/axi_lite_ipif_v3_0_vh_rfs.vhd:1534]
INFO: [Synth 8-256] done synthesizing module 'axi_lite_ipif_v3_0_4_pselect_f__parameterized7' (1#1) [/home/chilin/emb/HW4/aquila_sd/aquila_sd.gen/sources_1/ip/axi_quad_spi_0/hdl/axi_lite_ipif_v3_0_vh_rfs.vhd:1534]
INFO: [Synth 8-638] synthesizing module 'axi_lite_ipif_v3_0_4_pselect_f__parameterized8' [/home/chilin/emb/HW4/aquila_sd/aquila_sd.gen/sources_1/ip/axi_quad_spi_0/hdl/axi_lite_ipif_v3_0_vh_rfs.vhd:1534]
INFO: [Synth 8-256] done synthesizing module 'axi_lite_ipif_v3_0_4_pselect_f__parameterized8' (1#1) [/home/chilin/emb/HW4/aquila_sd/aquila_sd.gen/sources_1/ip/axi_quad_spi_0/hdl/axi_lite_ipif_v3_0_vh_rfs.vhd:1534]
INFO: [Synth 8-638] synthesizing module 'axi_lite_ipif_v3_0_4_pselect_f__parameterized9' [/home/chilin/emb/HW4/aquila_sd/aquila_sd.gen/sources_1/ip/axi_quad_spi_0/hdl/axi_lite_ipif_v3_0_vh_rfs.vhd:1534]
INFO: [Synth 8-256] done synthesizing module 'axi_lite_ipif_v3_0_4_pselect_f__parameterized9' (1#1) [/home/chilin/emb/HW4/aquila_sd/aquila_sd.gen/sources_1/ip/axi_quad_spi_0/hdl/axi_lite_ipif_v3_0_vh_rfs.vhd:1534]
INFO: [Synth 8-638] synthesizing module 'axi_lite_ipif_v3_0_4_pselect_f__parameterized10' [/home/chilin/emb/HW4/aquila_sd/aquila_sd.gen/sources_1/ip/axi_quad_spi_0/hdl/axi_lite_ipif_v3_0_vh_rfs.vhd:1534]
INFO: [Synth 8-256] done synthesizing module 'axi_lite_ipif_v3_0_4_pselect_f__parameterized10' (1#1) [/home/chilin/emb/HW4/aquila_sd/aquila_sd.gen/sources_1/ip/axi_quad_spi_0/hdl/axi_lite_ipif_v3_0_vh_rfs.vhd:1534]
INFO: [Synth 8-638] synthesizing module 'axi_lite_ipif_v3_0_4_pselect_f__parameterized11' [/home/chilin/emb/HW4/aquila_sd/aquila_sd.gen/sources_1/ip/axi_quad_spi_0/hdl/axi_lite_ipif_v3_0_vh_rfs.vhd:1534]
INFO: [Synth 8-256] done synthesizing module 'axi_lite_ipif_v3_0_4_pselect_f__parameterized11' (1#1) [/home/chilin/emb/HW4/aquila_sd/aquila_sd.gen/sources_1/ip/axi_quad_spi_0/hdl/axi_lite_ipif_v3_0_vh_rfs.vhd:1534]
INFO: [Synth 8-638] synthesizing module 'axi_lite_ipif_v3_0_4_pselect_f__parameterized12' [/home/chilin/emb/HW4/aquila_sd/aquila_sd.gen/sources_1/ip/axi_quad_spi_0/hdl/axi_lite_ipif_v3_0_vh_rfs.vhd:1534]
INFO: [Synth 8-256] done synthesizing module 'axi_lite_ipif_v3_0_4_pselect_f__parameterized12' (1#1) [/home/chilin/emb/HW4/aquila_sd/aquila_sd.gen/sources_1/ip/axi_quad_spi_0/hdl/axi_lite_ipif_v3_0_vh_rfs.vhd:1534]
INFO: [Synth 8-638] synthesizing module 'axi_lite_ipif_v3_0_4_pselect_f__parameterized13' [/home/chilin/emb/HW4/aquila_sd/aquila_sd.gen/sources_1/ip/axi_quad_spi_0/hdl/axi_lite_ipif_v3_0_vh_rfs.vhd:1534]
INFO: [Synth 8-256] done synthesizing module 'axi_lite_ipif_v3_0_4_pselect_f__parameterized13' (1#1) [/home/chilin/emb/HW4/aquila_sd/aquila_sd.gen/sources_1/ip/axi_quad_spi_0/hdl/axi_lite_ipif_v3_0_vh_rfs.vhd:1534]
INFO: [Synth 8-638] synthesizing module 'axi_lite_ipif_v3_0_4_pselect_f__parameterized14' [/home/chilin/emb/HW4/aquila_sd/aquila_sd.gen/sources_1/ip/axi_quad_spi_0/hdl/axi_lite_ipif_v3_0_vh_rfs.vhd:1534]
INFO: [Synth 8-256] done synthesizing module 'axi_lite_ipif_v3_0_4_pselect_f__parameterized14' (1#1) [/home/chilin/emb/HW4/aquila_sd/aquila_sd.gen/sources_1/ip/axi_quad_spi_0/hdl/axi_lite_ipif_v3_0_vh_rfs.vhd:1534]
INFO: [Synth 8-638] synthesizing module 'axi_lite_ipif_v3_0_4_pselect_f__parameterized15' [/home/chilin/emb/HW4/aquila_sd/aquila_sd.gen/sources_1/ip/axi_quad_spi_0/hdl/axi_lite_ipif_v3_0_vh_rfs.vhd:1534]
INFO: [Synth 8-256] done synthesizing module 'axi_lite_ipif_v3_0_4_pselect_f__parameterized15' (1#1) [/home/chilin/emb/HW4/aquila_sd/aquila_sd.gen/sources_1/ip/axi_quad_spi_0/hdl/axi_lite_ipif_v3_0_vh_rfs.vhd:1534]
INFO: [Synth 8-638] synthesizing module 'axi_lite_ipif_v3_0_4_pselect_f__parameterized16' [/home/chilin/emb/HW4/aquila_sd/aquila_sd.gen/sources_1/ip/axi_quad_spi_0/hdl/axi_lite_ipif_v3_0_vh_rfs.vhd:1534]
INFO: [Synth 8-256] done synthesizing module 'axi_lite_ipif_v3_0_4_pselect_f__parameterized16' (1#1) [/home/chilin/emb/HW4/aquila_sd/aquila_sd.gen/sources_1/ip/axi_quad_spi_0/hdl/axi_lite_ipif_v3_0_vh_rfs.vhd:1534]
INFO: [Synth 8-638] synthesizing module 'axi_lite_ipif_v3_0_4_pselect_f__parameterized17' [/home/chilin/emb/HW4/aquila_sd/aquila_sd.gen/sources_1/ip/axi_quad_spi_0/hdl/axi_lite_ipif_v3_0_vh_rfs.vhd:1534]
INFO: [Synth 8-256] done synthesizing module 'axi_lite_ipif_v3_0_4_pselect_f__parameterized17' (1#1) [/home/chilin/emb/HW4/aquila_sd/aquila_sd.gen/sources_1/ip/axi_quad_spi_0/hdl/axi_lite_ipif_v3_0_vh_rfs.vhd:1534]
INFO: [Synth 8-638] synthesizing module 'axi_lite_ipif_v3_0_4_pselect_f__parameterized18' [/home/chilin/emb/HW4/aquila_sd/aquila_sd.gen/sources_1/ip/axi_quad_spi_0/hdl/axi_lite_ipif_v3_0_vh_rfs.vhd:1534]
INFO: [Synth 8-256] done synthesizing module 'axi_lite_ipif_v3_0_4_pselect_f__parameterized18' (1#1) [/home/chilin/emb/HW4/aquila_sd/aquila_sd.gen/sources_1/ip/axi_quad_spi_0/hdl/axi_lite_ipif_v3_0_vh_rfs.vhd:1534]
INFO: [Synth 8-638] synthesizing module 'axi_lite_ipif_v3_0_4_pselect_f__parameterized19' [/home/chilin/emb/HW4/aquila_sd/aquila_sd.gen/sources_1/ip/axi_quad_spi_0/hdl/axi_lite_ipif_v3_0_vh_rfs.vhd:1534]
INFO: [Synth 8-256] done synthesizing module 'axi_lite_ipif_v3_0_4_pselect_f__parameterized19' (1#1) [/home/chilin/emb/HW4/aquila_sd/aquila_sd.gen/sources_1/ip/axi_quad_spi_0/hdl/axi_lite_ipif_v3_0_vh_rfs.vhd:1534]
INFO: [Synth 8-638] synthesizing module 'axi_lite_ipif_v3_0_4_pselect_f__parameterized20' [/home/chilin/emb/HW4/aquila_sd/aquila_sd.gen/sources_1/ip/axi_quad_spi_0/hdl/axi_lite_ipif_v3_0_vh_rfs.vhd:1534]
INFO: [Synth 8-256] done synthesizing module 'axi_lite_ipif_v3_0_4_pselect_f__parameterized20' (1#1) [/home/chilin/emb/HW4/aquila_sd/aquila_sd.gen/sources_1/ip/axi_quad_spi_0/hdl/axi_lite_ipif_v3_0_vh_rfs.vhd:1534]
INFO: [Synth 8-638] synthesizing module 'axi_lite_ipif_v3_0_4_pselect_f__parameterized21' [/home/chilin/emb/HW4/aquila_sd/aquila_sd.gen/sources_1/ip/axi_quad_spi_0/hdl/axi_lite_ipif_v3_0_vh_rfs.vhd:1534]
INFO: [Synth 8-256] done synthesizing module 'axi_lite_ipif_v3_0_4_pselect_f__parameterized21' (1#1) [/home/chilin/emb/HW4/aquila_sd/aquila_sd.gen/sources_1/ip/axi_quad_spi_0/hdl/axi_lite_ipif_v3_0_vh_rfs.vhd:1534]
INFO: [Synth 8-638] synthesizing module 'axi_lite_ipif_v3_0_4_pselect_f__parameterized22' [/home/chilin/emb/HW4/aquila_sd/aquila_sd.gen/sources_1/ip/axi_quad_spi_0/hdl/axi_lite_ipif_v3_0_vh_rfs.vhd:1534]
INFO: [Synth 8-256] done synthesizing module 'axi_lite_ipif_v3_0_4_pselect_f__parameterized22' (1#1) [/home/chilin/emb/HW4/aquila_sd/aquila_sd.gen/sources_1/ip/axi_quad_spi_0/hdl/axi_lite_ipif_v3_0_vh_rfs.vhd:1534]
INFO: [Synth 8-638] synthesizing module 'axi_lite_ipif_v3_0_4_pselect_f__parameterized23' [/home/chilin/emb/HW4/aquila_sd/aquila_sd.gen/sources_1/ip/axi_quad_spi_0/hdl/axi_lite_ipif_v3_0_vh_rfs.vhd:1534]
INFO: [Synth 8-256] done synthesizing module 'axi_lite_ipif_v3_0_4_pselect_f__parameterized23' (1#1) [/home/chilin/emb/HW4/aquila_sd/aquila_sd.gen/sources_1/ip/axi_quad_spi_0/hdl/axi_lite_ipif_v3_0_vh_rfs.vhd:1534]
INFO: [Synth 8-638] synthesizing module 'axi_lite_ipif_v3_0_4_pselect_f__parameterized24' [/home/chilin/emb/HW4/aquila_sd/aquila_sd.gen/sources_1/ip/axi_quad_spi_0/hdl/axi_lite_ipif_v3_0_vh_rfs.vhd:1534]
INFO: [Synth 8-256] done synthesizing module 'axi_lite_ipif_v3_0_4_pselect_f__parameterized24' (1#1) [/home/chilin/emb/HW4/aquila_sd/aquila_sd.gen/sources_1/ip/axi_quad_spi_0/hdl/axi_lite_ipif_v3_0_vh_rfs.vhd:1534]
INFO: [Synth 8-638] synthesizing module 'axi_lite_ipif_v3_0_4_pselect_f__parameterized25' [/home/chilin/emb/HW4/aquila_sd/aquila_sd.gen/sources_1/ip/axi_quad_spi_0/hdl/axi_lite_ipif_v3_0_vh_rfs.vhd:1534]
INFO: [Synth 8-256] done synthesizing module 'axi_lite_ipif_v3_0_4_pselect_f__parameterized25' (1#1) [/home/chilin/emb/HW4/aquila_sd/aquila_sd.gen/sources_1/ip/axi_quad_spi_0/hdl/axi_lite_ipif_v3_0_vh_rfs.vhd:1534]
INFO: [Synth 8-256] done synthesizing module 'address_decoder' (2#1) [/home/chilin/emb/HW4/aquila_sd/aquila_sd.gen/sources_1/ip/axi_quad_spi_0/hdl/axi_lite_ipif_v3_0_vh_rfs.vhd:1775]
INFO: [Synth 8-226] default block is never used [/home/chilin/emb/HW4/aquila_sd/aquila_sd.gen/sources_1/ip/axi_quad_spi_0/hdl/axi_lite_ipif_v3_0_vh_rfs.vhd:2550]
INFO: [Synth 8-256] done synthesizing module 'slave_attachment' (3#1) [/home/chilin/emb/HW4/aquila_sd/aquila_sd.gen/sources_1/ip/axi_quad_spi_0/hdl/axi_lite_ipif_v3_0_vh_rfs.vhd:2341]
INFO: [Synth 8-256] done synthesizing module 'axi_lite_ipif' (4#1) [/home/chilin/emb/HW4/aquila_sd/aquila_sd.gen/sources_1/ip/axi_quad_spi_0/hdl/axi_lite_ipif_v3_0_vh_rfs.vhd:2948]
INFO: [Synth 8-638] synthesizing module 'qspi_core_interface' [/home/chilin/emb/HW4/aquila_sd/aquila_sd.gen/sources_1/ip/axi_quad_spi_0/hdl/axi_quad_spi_v3_2_rfs.vhd:19206]
INFO: [Synth 8-638] synthesizing module 'reset_sync_module' [/home/chilin/emb/HW4/aquila_sd/aquila_sd.gen/sources_1/ip/axi_quad_spi_0/hdl/axi_quad_spi_v3_2_rfs.vhd:2426]
	Parameter INIT bound to: 1'b0 
INFO: [Synth 8-113] binding component instance 'RESET_SYNC_AX2S_1' to cell 'FDR' [/home/chilin/emb/HW4/aquila_sd/aquila_sd.gen/sources_1/ip/axi_quad_spi_0/hdl/axi_quad_spi_v3_2_rfs.vhd:2455]
	Parameter INIT bound to: 1'b0 
INFO: [Synth 8-113] binding component instance 'RESET_SYNC_AX2S_2' to cell 'FDR' [/home/chilin/emb/HW4/aquila_sd/aquila_sd.gen/sources_1/ip/axi_quad_spi_0/hdl/axi_quad_spi_v3_2_rfs.vhd:2463]
INFO: [Synth 8-256] done synthesizing module 'reset_sync_module' (5#1) [/home/chilin/emb/HW4/aquila_sd/aquila_sd.gen/sources_1/ip/axi_quad_spi_0/hdl/axi_quad_spi_v3_2_rfs.vhd:2426]
INFO: [Synth 8-638] synthesizing module 'cross_clk_sync_fifo_1' [/home/chilin/emb/HW4/aquila_sd/aquila_sd.gen/sources_1/ip/axi_quad_spi_0/hdl/axi_quad_spi_v3_2_rfs.vhd:14941]
	Parameter INIT bound to: 1'b0 
INFO: [Synth 8-113] binding component instance 'CMD_ERR_S2AX_1_CDC' to cell 'FDR' [/home/chilin/emb/HW4/aquila_sd/aquila_sd.gen/sources_1/ip/axi_quad_spi_0/hdl/axi_quad_spi_v3_2_rfs.vhd:15224]
	Parameter INIT bound to: 1'b0 
INFO: [Synth 8-113] binding component instance 'CMD_ERR_S2AX_2' to cell 'FDR' [/home/chilin/emb/HW4/aquila_sd/aquila_sd.gen/sources_1/ip/axi_quad_spi_0/hdl/axi_quad_spi_v3_2_rfs.vhd:15232]
	Parameter INIT bound to: 1'b1 
INFO: [Synth 8-113] binding component instance 'SPISEL_D1_REG_S2AX_1_CDC' to cell 'FDR' [/home/chilin/emb/HW4/aquila_sd/aquila_sd.gen/sources_1/ip/axi_quad_spi_0/hdl/axi_quad_spi_v3_2_rfs.vhd:15243]
	Parameter INIT bound to: 1'b1 
INFO: [Synth 8-113] binding component instance 'SPISEL_D1_REG_S2AX_2' to cell 'FDR' [/home/chilin/emb/HW4/aquila_sd/aquila_sd.gen/sources_1/ip/axi_quad_spi_0/hdl/axi_quad_spi_v3_2_rfs.vhd:15251]
	Parameter INIT bound to: 1'b1 
INFO: [Synth 8-113] binding component instance 'SPISEL_PULSE_S2AX_1_CDC' to cell 'FDR' [/home/chilin/emb/HW4/aquila_sd/aquila_sd.gen/sources_1/ip/axi_quad_spi_0/hdl/axi_quad_spi_v3_2_rfs.vhd:15277]
	Parameter INIT bound to: 1'b1 
INFO: [Synth 8-113] binding component instance 'SPISEL_PULSE_S2AX_2' to cell 'FDR' [/home/chilin/emb/HW4/aquila_sd/aquila_sd.gen/sources_1/ip/axi_quad_spi_0/hdl/axi_quad_spi_v3_2_rfs.vhd:15285]
	Parameter INIT bound to: 1'b1 
INFO: [Synth 8-113] binding component instance 'SPISEL_PULSE_S2AX_3' to cell 'FDR' [/home/chilin/emb/HW4/aquila_sd/aquila_sd.gen/sources_1/ip/axi_quad_spi_0/hdl/axi_quad_spi_v3_2_rfs.vhd:15293]
	Parameter INIT bound to: 1'b0 
INFO: [Synth 8-113] binding component instance 'MST_N_SLV_MODE_S2AX_1_CDC' to cell 'FDR' [/home/chilin/emb/HW4/aquila_sd/aquila_sd.gen/sources_1/ip/axi_quad_spi_0/hdl/axi_quad_spi_v3_2_rfs.vhd:15306]
	Parameter INIT bound to: 1'b0 
INFO: [Synth 8-113] binding component instance 'MST_N_SLV_MODE_S2AX_2' to cell 'FDR' [/home/chilin/emb/HW4/aquila_sd/aquila_sd.gen/sources_1/ip/axi_quad_spi_0/hdl/axi_quad_spi_v3_2_rfs.vhd:15314]
	Parameter INIT bound to: 1'b0 
INFO: [Synth 8-113] binding component instance 'SLV_MODF_STRB_S2AX_1_CDC' to cell 'FDR' [/home/chilin/emb/HW4/aquila_sd/aquila_sd.gen/sources_1/ip/axi_quad_spi_0/hdl/axi_quad_spi_v3_2_rfs.vhd:15339]
	Parameter INIT bound to: 1'b0 
INFO: [Synth 8-113] binding component instance 'SLV_MODF_STRB_S2AX_2' to cell 'FDR' [/home/chilin/emb/HW4/aquila_sd/aquila_sd.gen/sources_1/ip/axi_quad_spi_0/hdl/axi_quad_spi_v3_2_rfs.vhd:15347]
	Parameter INIT bound to: 1'b0 
INFO: [Synth 8-113] binding component instance 'SLV_MODF_STRB_S2AX_3' to cell 'FDR' [/home/chilin/emb/HW4/aquila_sd/aquila_sd.gen/sources_1/ip/axi_quad_spi_0/hdl/axi_quad_spi_v3_2_rfs.vhd:15355]
	Parameter INIT bound to: 1'b0 
INFO: [Synth 8-113] binding component instance 'MODF_STROBE_S2AX_1_CDC' to cell 'FDR' [/home/chilin/emb/HW4/aquila_sd/aquila_sd.gen/sources_1/ip/axi_quad_spi_0/hdl/axi_quad_spi_v3_2_rfs.vhd:15380]
	Parameter INIT bound to: 1'b0 
INFO: [Synth 8-113] binding component instance 'MODF_STROBE_S2AX_2' to cell 'FDR' [/home/chilin/emb/HW4/aquila_sd/aquila_sd.gen/sources_1/ip/axi_quad_spi_0/hdl/axi_quad_spi_v3_2_rfs.vhd:15388]
	Parameter INIT bound to: 1'b0 
INFO: [Synth 8-113] binding component instance 'MODF_STROBE_S2AX_3' to cell 'FDR' [/home/chilin/emb/HW4/aquila_sd/aquila_sd.gen/sources_1/ip/axi_quad_spi_0/hdl/axi_quad_spi_v3_2_rfs.vhd:15396]
	Parameter INIT bound to: 1'b0 
INFO: [Synth 8-113] binding component instance 'RX_FIFO_EMPTY_AX2S_1_CDC' to cell 'FDR' [/home/chilin/emb/HW4/aquila_sd/aquila_sd.gen/sources_1/ip/axi_quad_spi_0/hdl/axi_quad_spi_v3_2_rfs.vhd:15409]
	Parameter INIT bound to: 1'b0 
INFO: [Synth 8-113] binding component instance 'RX_FIFO_EMPTY_AX2S_2' to cell 'FDR' [/home/chilin/emb/HW4/aquila_sd/aquila_sd.gen/sources_1/ip/axi_quad_spi_0/hdl/axi_quad_spi_v3_2_rfs.vhd:15417]
	Parameter INIT bound to: 1'b0 
INFO: [Synth 8-113] binding component instance 'TX_FIFO_EMPTY_S2AX_1_CDC' to cell 'FDR' [/home/chilin/emb/HW4/aquila_sd/aquila_sd.gen/sources_1/ip/axi_quad_spi_0/hdl/axi_quad_spi_v3_2_rfs.vhd:15429]
	Parameter INIT bound to: 1'b0 
INFO: [Synth 8-113] binding component instance 'TX_FIFO_EMPTY_S2AX_2' to cell 'FDR' [/home/chilin/emb/HW4/aquila_sd/aquila_sd.gen/sources_1/ip/axi_quad_spi_0/hdl/axi_quad_spi_v3_2_rfs.vhd:15437]
	Parameter INIT bound to: 1'b1 
INFO: [Synth 8-113] binding component instance 'TX_EMPT_4_SPISR_S2AX_1_CDC' to cell 'FDR' [/home/chilin/emb/HW4/aquila_sd/aquila_sd.gen/sources_1/ip/axi_quad_spi_0/hdl/axi_quad_spi_v3_2_rfs.vhd:15449]
	Parameter INIT bound to: 1'b1 
INFO: [Synth 8-113] binding component instance 'TX_EMPT_4_SPISR_S2AX_2' to cell 'FDR' [/home/chilin/emb/HW4/aquila_sd/aquila_sd.gen/sources_1/ip/axi_quad_spi_0/hdl/axi_quad_spi_v3_2_rfs.vhd:15457]
	Parameter INIT bound to: 1'b0 
INFO: [Synth 8-113] binding component instance 'TX_FIFO_FULL_AX2S_1_CDC' to cell 'FDR' [/home/chilin/emb/HW4/aquila_sd/aquila_sd.gen/sources_1/ip/axi_quad_spi_0/hdl/axi_quad_spi_v3_2_rfs.vhd:15468]
	Parameter INIT bound to: 1'b0 
INFO: [Synth 8-113] binding component instance 'TX_FIFO_FULL_AX2S_2' to cell 'FDR' [/home/chilin/emb/HW4/aquila_sd/aquila_sd.gen/sources_1/ip/axi_quad_spi_0/hdl/axi_quad_spi_v3_2_rfs.vhd:15476]
	Parameter INIT bound to: 1'b0 
INFO: [Synth 8-113] binding component instance 'SPIXFER_DONE_S2AX_1_CDC' to cell 'FDR' [/home/chilin/emb/HW4/aquila_sd/aquila_sd.gen/sources_1/ip/axi_quad_spi_0/hdl/axi_quad_spi_v3_2_rfs.vhd:15487]
	Parameter INIT bound to: 1'b0 
INFO: [Synth 8-113] binding component instance 'SPIXFER_DONE_S2AX_2' to cell 'FDR' [/home/chilin/emb/HW4/aquila_sd/aquila_sd.gen/sources_1/ip/axi_quad_spi_0/hdl/axi_quad_spi_v3_2_rfs.vhd:15495]
	Parameter INIT bound to: 1'b0 
INFO: [Synth 8-113] binding component instance 'RX_FIFO_RST_AX2S_1_CDC' to cell 'FDR' [/home/chilin/emb/HW4/aquila_sd/aquila_sd.gen/sources_1/ip/axi_quad_spi_0/hdl/axi_quad_spi_v3_2_rfs.vhd:15520]
	Parameter INIT bound to: 1'b0 
INFO: [Synth 8-113] binding component instance 'RX_FIFO_RST_AX2S_2' to cell 'FDR' [/home/chilin/emb/HW4/aquila_sd/aquila_sd.gen/sources_1/ip/axi_quad_spi_0/hdl/axi_quad_spi_v3_2_rfs.vhd:15528]
	Parameter INIT bound to: 1'b0 
INFO: [Synth 8-113] binding component instance 'RX_FIFO_FULL_S2AX_1_CDC' to cell 'FDR' [/home/chilin/emb/HW4/aquila_sd/aquila_sd.gen/sources_1/ip/axi_quad_spi_0/hdl/axi_quad_spi_v3_2_rfs.vhd:15542]
	Parameter INIT bound to: 1'b0 
INFO: [Synth 8-113] binding component instance 'RX_FIFO_FULL_S2AX_2' to cell 'FDR' [/home/chilin/emb/HW4/aquila_sd/aquila_sd.gen/sources_1/ip/axi_quad_spi_0/hdl/axi_quad_spi_v3_2_rfs.vhd:15550]
	Parameter INIT bound to: 1'b0 
INFO: [Synth 8-113] binding component instance 'SYNC_SPIXFER_DONE_S2AX_1_CDC' to cell 'FDR' [/home/chilin/emb/HW4/aquila_sd/aquila_sd.gen/sources_1/ip/axi_quad_spi_0/hdl/axi_quad_spi_v3_2_rfs.vhd:15573]
	Parameter INIT bound to: 1'b0 
INFO: [Synth 8-113] binding component instance 'SYNC_SPIXFER_DONE_S2AX_2' to cell 'FDR' [/home/chilin/emb/HW4/aquila_sd/aquila_sd.gen/sources_1/ip/axi_quad_spi_0/hdl/axi_quad_spi_v3_2_rfs.vhd:15581]
	Parameter INIT bound to: 1'b0 
INFO: [Synth 8-113] binding component instance 'SYNC_SPIXFER_DONE_S2AX_3' to cell 'FDR' [/home/chilin/emb/HW4/aquila_sd/aquila_sd.gen/sources_1/ip/axi_quad_spi_0/hdl/axi_quad_spi_v3_2_rfs.vhd:15589]
	Parameter INIT bound to: 1'b0 
INFO: [Synth 8-113] binding component instance 'DTR_UNDERRUN_S2AX_1_CDC' to cell 'FDR' [/home/chilin/emb/HW4/aquila_sd/aquila_sd.gen/sources_1/ip/axi_quad_spi_0/hdl/axi_quad_spi_v3_2_rfs.vhd:15599]
	Parameter INIT bound to: 1'b0 
INFO: [Synth 8-113] binding component instance 'DTR_UNDERRUN_S2AX_2' to cell 'FDR' [/home/chilin/emb/HW4/aquila_sd/aquila_sd.gen/sources_1/ip/axi_quad_spi_0/hdl/axi_quad_spi_v3_2_rfs.vhd:15607]
	Parameter INIT bound to: 1'b0 
INFO: [Synth 8-113] binding component instance 'SPICR_0_LOOP_AX2S_1_CDC' to cell 'FDR' [/home/chilin/emb/HW4/aquila_sd/aquila_sd.gen/sources_1/ip/axi_quad_spi_0/hdl/axi_quad_spi_v3_2_rfs.vhd:15617]
	Parameter INIT bound to: 1'b0 
INFO: [Synth 8-113] binding component instance 'SPICR_0_LOOP_AX2S_2' to cell 'FDR' [/home/chilin/emb/HW4/aquila_sd/aquila_sd.gen/sources_1/ip/axi_quad_spi_0/hdl/axi_quad_spi_v3_2_rfs.vhd:15625]
	Parameter INIT bound to: 1'b0 
INFO: [Synth 8-113] binding component instance 'SPICR_1_SPE_AX2S_1_CDC' to cell 'FDR' [/home/chilin/emb/HW4/aquila_sd/aquila_sd.gen/sources_1/ip/axi_quad_spi_0/hdl/axi_quad_spi_v3_2_rfs.vhd:15636]
	Parameter INIT bound to: 1'b0 
INFO: [Synth 8-113] binding component instance 'SPICR_1_SPE_AX2S_2' to cell 'FDR' [/home/chilin/emb/HW4/aquila_sd/aquila_sd.gen/sources_1/ip/axi_quad_spi_0/hdl/axi_quad_spi_v3_2_rfs.vhd:15644]
	Parameter INIT bound to: 1'b0 
INFO: [Synth 8-113] binding component instance 'SPICR_2_MST_N_SLV_AX2S_1_CDC' to cell 'FDR' [/home/chilin/emb/HW4/aquila_sd/aquila_sd.gen/sources_1/ip/axi_quad_spi_0/hdl/axi_quad_spi_v3_2_rfs.vhd:15655]
	Parameter INIT bound to: 1'b0 
INFO: [Synth 8-113] binding component instance 'SPICR_2_MST_N_SLV_AX2S_2' to cell 'FDR' [/home/chilin/emb/HW4/aquila_sd/aquila_sd.gen/sources_1/ip/axi_quad_spi_0/hdl/axi_quad_spi_v3_2_rfs.vhd:15663]
	Parameter INIT bound to: 1'b0 
INFO: [Synth 8-113] binding component instance 'SPICR_3_CPOL_AX2S_1_CDC' to cell 'FDR' [/home/chilin/emb/HW4/aquila_sd/aquila_sd.gen/sources_1/ip/axi_quad_spi_0/hdl/axi_quad_spi_v3_2_rfs.vhd:15674]
	Parameter INIT bound to: 1'b0 
INFO: [Synth 8-113] binding component instance 'SPICR_3_CPOL_AX2S_2' to cell 'FDR' [/home/chilin/emb/HW4/aquila_sd/aquila_sd.gen/sources_1/ip/axi_quad_spi_0/hdl/axi_quad_spi_v3_2_rfs.vhd:15682]
	Parameter INIT bound to: 1'b0 
INFO: [Synth 8-113] binding component instance 'SPICR_4_CPHA_AX2S_1_CDC' to cell 'FDR' [/home/chilin/emb/HW4/aquila_sd/aquila_sd.gen/sources_1/ip/axi_quad_spi_0/hdl/axi_quad_spi_v3_2_rfs.vhd:15693]
	Parameter INIT bound to: 1'b0 
INFO: [Synth 8-113] binding component instance 'SPICR_4_CPHA_AX2S_2' to cell 'FDR' [/home/chilin/emb/HW4/aquila_sd/aquila_sd.gen/sources_1/ip/axi_quad_spi_0/hdl/axi_quad_spi_v3_2_rfs.vhd:15701]
	Parameter INIT bound to: 1'b0 
INFO: [Synth 8-113] binding component instance 'SPICR_5_TXFIFO_AX2S_1_CDC' to cell 'FDR' [/home/chilin/emb/HW4/aquila_sd/aquila_sd.gen/sources_1/ip/axi_quad_spi_0/hdl/axi_quad_spi_v3_2_rfs.vhd:15712]
	Parameter INIT bound to: 1'b0 
INFO: [Synth 8-113] binding component instance 'SPICR_5_TXFIFO_AX2S_2' to cell 'FDR' [/home/chilin/emb/HW4/aquila_sd/aquila_sd.gen/sources_1/ip/axi_quad_spi_0/hdl/axi_quad_spi_v3_2_rfs.vhd:15720]
	Parameter INIT bound to: 1'b0 
INFO: [Synth 8-113] binding component instance 'SPICR_6_RXFIFO_RST_AX2S_1_CDC' to cell 'FDR' [/home/chilin/emb/HW4/aquila_sd/aquila_sd.gen/sources_1/ip/axi_quad_spi_0/hdl/axi_quad_spi_v3_2_rfs.vhd:15731]
	Parameter INIT bound to: 1'b0 
INFO: [Synth 8-113] binding component instance 'SPICR_6_RXFIFO_RST_AX2S_2' to cell 'FDR' [/home/chilin/emb/HW4/aquila_sd/aquila_sd.gen/sources_1/ip/axi_quad_spi_0/hdl/axi_quad_spi_v3_2_rfs.vhd:15739]
	Parameter INIT bound to: 1'b1 
INFO: [Synth 8-113] binding component instance 'SPICR_7_SS_AX2S_1_CDC' to cell 'FDR' [/home/chilin/emb/HW4/aquila_sd/aquila_sd.gen/sources_1/ip/axi_quad_spi_0/hdl/axi_quad_spi_v3_2_rfs.vhd:15750]
	Parameter INIT bound to: 1'b1 
INFO: [Synth 8-113] binding component instance 'SPICR_7_SS_AX2S_2' to cell 'FDR' [/home/chilin/emb/HW4/aquila_sd/aquila_sd.gen/sources_1/ip/axi_quad_spi_0/hdl/axi_quad_spi_v3_2_rfs.vhd:15758]
	Parameter INIT bound to: 1'b1 
INFO: [Synth 8-113] binding component instance 'SPICR_8_TR_INHIBIT_AX2S_1_CDC' to cell 'FDR' [/home/chilin/emb/HW4/aquila_sd/aquila_sd.gen/sources_1/ip/axi_quad_spi_0/hdl/axi_quad_spi_v3_2_rfs.vhd:15769]
	Parameter INIT bound to: 1'b1 
INFO: [Synth 8-113] binding component instance 'SPICR_8_TR_INHIBIT_AX2S_2' to cell 'FDR' [/home/chilin/emb/HW4/aquila_sd/aquila_sd.gen/sources_1/ip/axi_quad_spi_0/hdl/axi_quad_spi_v3_2_rfs.vhd:15777]
	Parameter INIT bound to: 1'b0 
INFO: [Synth 8-113] binding component instance 'SPICR_9_LSB_AX2S_1_CDC' to cell 'FDR' [/home/chilin/emb/HW4/aquila_sd/aquila_sd.gen/sources_1/ip/axi_quad_spi_0/hdl/axi_quad_spi_v3_2_rfs.vhd:15788]
	Parameter INIT bound to: 1'b0 
INFO: [Synth 8-113] binding component instance 'SPICR_9_LSB_AX2S_2' to cell 'FDR' [/home/chilin/emb/HW4/aquila_sd/aquila_sd.gen/sources_1/ip/axi_quad_spi_0/hdl/axi_quad_spi_v3_2_rfs.vhd:15796]
	Parameter INIT bound to: 1'b0 
INFO: [Synth 8-113] binding component instance 'SPICR_BITS_7_8_AX2S_1_CDC' to cell 'FDR' [/home/chilin/emb/HW4/aquila_sd/aquila_sd.gen/sources_1/ip/axi_quad_spi_0/hdl/axi_quad_spi_v3_2_rfs.vhd:15812]
	Parameter INIT bound to: 1'b0 
INFO: [Synth 8-113] binding component instance 'SPICR_BITS_7_8_AX2S_2' to cell 'FDR' [/home/chilin/emb/HW4/aquila_sd/aquila_sd.gen/sources_1/ip/axi_quad_spi_0/hdl/axi_quad_spi_v3_2_rfs.vhd:15820]
	Parameter INIT bound to: 1'b0 
INFO: [Synth 8-113] binding component instance 'SPICR_BITS_7_8_AX2S_1_CDC' to cell 'FDR' [/home/chilin/emb/HW4/aquila_sd/aquila_sd.gen/sources_1/ip/axi_quad_spi_0/hdl/axi_quad_spi_v3_2_rfs.vhd:15812]
	Parameter INIT bound to: 1'b0 
INFO: [Synth 8-113] binding component instance 'SPICR_BITS_7_8_AX2S_2' to cell 'FDR' [/home/chilin/emb/HW4/aquila_sd/aquila_sd.gen/sources_1/ip/axi_quad_spi_0/hdl/axi_quad_spi_v3_2_rfs.vhd:15820]
	Parameter INIT bound to: 1'b0 
INFO: [Synth 8-113] binding component instance 'SR_3_MODF_AX2S_1_CDC' to cell 'FDR' [/home/chilin/emb/HW4/aquila_sd/aquila_sd.gen/sources_1/ip/axi_quad_spi_0/hdl/axi_quad_spi_v3_2_rfs.vhd:15833]
	Parameter INIT bound to: 1'b0 
INFO: [Synth 8-113] binding component instance 'SR_3_MODF_AX2S_2' to cell 'FDR' [/home/chilin/emb/HW4/aquila_sd/aquila_sd.gen/sources_1/ip/axi_quad_spi_0/hdl/axi_quad_spi_v3_2_rfs.vhd:15841]
	Parameter INIT bound to: 1'b1 
INFO: [Synth 8-113] binding component instance 'SPISSR_AX2S_1_CDC' to cell 'FDR' [/home/chilin/emb/HW4/aquila_sd/aquila_sd.gen/sources_1/ip/axi_quad_spi_0/hdl/axi_quad_spi_v3_2_rfs.vhd:15858]
	Parameter INIT bound to: 1'b1 
INFO: [Synth 8-113] binding component instance 'SPISSR_SYNC_AXI_2_SPI_2' to cell 'FDR' [/home/chilin/emb/HW4/aquila_sd/aquila_sd.gen/sources_1/ip/axi_quad_spi_0/hdl/axi_quad_spi_v3_2_rfs.vhd:15866]
	Parameter INIT bound to: 1'b0 
INFO: [Synth 8-113] binding component instance 'DRR_OVERRUN_S2AX_1_CDC' to cell 'FDR' [/home/chilin/emb/HW4/aquila_sd/aquila_sd.gen/sources_1/ip/axi_quad_spi_0/hdl/axi_quad_spi_v3_2_rfs.vhd:15891]
	Parameter INIT bound to: 1'b0 
INFO: [Synth 8-113] binding component instance 'DRR_OVERRUN_S2AX_2' to cell 'FDR' [/home/chilin/emb/HW4/aquila_sd/aquila_sd.gen/sources_1/ip/axi_quad_spi_0/hdl/axi_quad_spi_v3_2_rfs.vhd:15899]
	Parameter INIT bound to: 1'b0 
INFO: [Synth 8-113] binding component instance 'DRR_OVERRUN_S2AX_3' to cell 'FDR' [/home/chilin/emb/HW4/aquila_sd/aquila_sd.gen/sources_1/ip/axi_quad_spi_0/hdl/axi_quad_spi_v3_2_rfs.vhd:15907]
INFO: [Synth 8-256] done synthesizing module 'cross_clk_sync_fifo_1' (6#1) [/home/chilin/emb/HW4/aquila_sd/aquila_sd.gen/sources_1/ip/axi_quad_spi_0/hdl/axi_quad_spi_v3_2_rfs.vhd:14941]
	Parameter CDC_SYNC_STAGES bound to: 2 - type: integer 
	Parameter DOUT_RESET_VALUE bound to: 0 - type: string 
	Parameter ECC_MODE bound to: no_ecc - type: string 
	Parameter FIFO_MEMORY_TYPE bound to: auto - type: string 
	Parameter FIFO_READ_LATENCY bound to: 0 - type: integer 
	Parameter FIFO_WRITE_DEPTH bound to: 256 - type: integer 
	Parameter FULL_RESET_VALUE bound to: 0 - type: integer 
	Parameter PROG_EMPTY_THRESH bound to: 10 - type: integer 
	Parameter PROG_FULL_THRESH bound to: 10 - type: integer 
	Parameter RD_DATA_COUNT_WIDTH bound to: 9 - type: integer 
	Parameter READ_DATA_WIDTH bound to: 8 - type: integer 
	Parameter READ_MODE bound to: fwft - type: string 
	Parameter RELATED_CLOCKS bound to: 0 - type: integer 
	Parameter USE_ADV_FEATURES bound to: 1f1f - type: string 
	Parameter WAKEUP_TIME bound to: 0 - type: integer 
	Parameter WRITE_DATA_WIDTH bound to: 8 - type: integer 
	Parameter WR_DATA_COUNT_WIDTH bound to: 9 - type: integer 
INFO: [Synth 8-3491] module 'xpm_fifo_async' declared at '/home/chilin/Xilinx/Vivado/2021.1/data/ip/xpm/xpm_fifo/hdl/xpm_fifo.sv:2146' bound to instance 'RX_FIFO_II' of component 'xpm_fifo_async' [/home/chilin/emb/HW4/aquila_sd/aquila_sd.gen/sources_1/ip/axi_quad_spi_0/hdl/axi_quad_spi_v3_2_rfs.vhd:21050]
INFO: [Synth 8-6157] synthesizing module 'xpm_fifo_async' [/home/chilin/Xilinx/Vivado/2021.1/data/ip/xpm/xpm_fifo/hdl/xpm_fifo.sv:2146]
INFO: [Synth 8-6157] synthesizing module 'xpm_fifo_base' [/home/chilin/Xilinx/Vivado/2021.1/data/ip/xpm/xpm_fifo/hdl/xpm_fifo.sv:56]
INFO: [Synth 8-6157] synthesizing module 'xpm_counter_updn' [/home/chilin/Xilinx/Vivado/2021.1/data/ip/xpm/xpm_fifo/hdl/xpm_fifo.sv:1858]
INFO: [Synth 8-6155] done synthesizing module 'xpm_counter_updn' (7#1) [/home/chilin/Xilinx/Vivado/2021.1/data/ip/xpm/xpm_fifo/hdl/xpm_fifo.sv:1858]
INFO: [Synth 8-6157] synthesizing module 'xpm_counter_updn__parameterized0' [/home/chilin/Xilinx/Vivado/2021.1/data/ip/xpm/xpm_fifo/hdl/xpm_fifo.sv:1858]
INFO: [Synth 8-6155] done synthesizing module 'xpm_counter_updn__parameterized0' (7#1) [/home/chilin/Xilinx/Vivado/2021.1/data/ip/xpm/xpm_fifo/hdl/xpm_fifo.sv:1858]
INFO: [Synth 8-6157] synthesizing module 'xpm_memory_base' [/home/chilin/Xilinx/Vivado/2021.1/data/ip/xpm/xpm_memory/hdl/xpm_memory.sv:57]
INFO: [Synth 8-6059] Synth Info: [XPM_MEMORY 20-1] MEMORY_PRIMITIVE (0) instructs Vivado Synthesis to choose the memory primitive type. Depending on their values, other XPM_MEMORY parameters may preclude the choice of certain memory primitive types. Review XPM_MEMORY documentation and parameter values to understand any limitations, or set MEMORY_PRIMITIVE to a different value.   [/home/chilin/Xilinx/Vivado/2021.1/data/ip/xpm/xpm_memory/hdl/xpm_memory.sv:490]
INFO: [Synth 8-6155] done synthesizing module 'xpm_memory_base' (8#1) [/home/chilin/Xilinx/Vivado/2021.1/data/ip/xpm/xpm_memory/hdl/xpm_memory.sv:57]
INFO: [Synth 8-6157] synthesizing module 'xpm_cdc_gray' [/home/chilin/Xilinx/Vivado/2021.1/data/ip/xpm/xpm_cdc/hdl/xpm_cdc.sv:284]
INFO: [Synth 8-6155] done synthesizing module 'xpm_cdc_gray' (9#1) [/home/chilin/Xilinx/Vivado/2021.1/data/ip/xpm/xpm_cdc/hdl/xpm_cdc.sv:284]
INFO: [Synth 8-6157] synthesizing module 'xpm_fifo_reg_vec' [/home/chilin/Xilinx/Vivado/2021.1/data/ip/xpm/xpm_fifo/hdl/xpm_fifo.sv:1884]
INFO: [Synth 8-6155] done synthesizing module 'xpm_fifo_reg_vec' (10#1) [/home/chilin/Xilinx/Vivado/2021.1/data/ip/xpm/xpm_fifo/hdl/xpm_fifo.sv:1884]
INFO: [Synth 8-6157] synthesizing module 'xpm_cdc_gray__parameterized0' [/home/chilin/Xilinx/Vivado/2021.1/data/ip/xpm/xpm_cdc/hdl/xpm_cdc.sv:284]
INFO: [Synth 8-6155] done synthesizing module 'xpm_cdc_gray__parameterized0' (10#1) [/home/chilin/Xilinx/Vivado/2021.1/data/ip/xpm/xpm_cdc/hdl/xpm_cdc.sv:284]
INFO: [Synth 8-6157] synthesizing module 'xpm_fifo_reg_vec__parameterized0' [/home/chilin/Xilinx/Vivado/2021.1/data/ip/xpm/xpm_fifo/hdl/xpm_fifo.sv:1884]
INFO: [Synth 8-6155] done synthesizing module 'xpm_fifo_reg_vec__parameterized0' (10#1) [/home/chilin/Xilinx/Vivado/2021.1/data/ip/xpm/xpm_fifo/hdl/xpm_fifo.sv:1884]
INFO: [Synth 8-6157] synthesizing module 'xpm_cdc_gray__parameterized1' [/home/chilin/Xilinx/Vivado/2021.1/data/ip/xpm/xpm_cdc/hdl/xpm_cdc.sv:284]
INFO: [Synth 8-6155] done synthesizing module 'xpm_cdc_gray__parameterized1' (10#1) [/home/chilin/Xilinx/Vivado/2021.1/data/ip/xpm/xpm_cdc/hdl/xpm_cdc.sv:284]
INFO: [Synth 8-226] default block is never used [/home/chilin/Xilinx/Vivado/2021.1/data/ip/xpm/xpm_fifo/hdl/xpm_fifo.sv:1206]
INFO: [Synth 8-226] default block is never used [/home/chilin/Xilinx/Vivado/2021.1/data/ip/xpm/xpm_fifo/hdl/xpm_fifo.sv:1273]
INFO: [Synth 8-226] default block is never used [/home/chilin/Xilinx/Vivado/2021.1/data/ip/xpm/xpm_fifo/hdl/xpm_fifo.sv:1295]
INFO: [Synth 8-6157] synthesizing module 'xpm_fifo_reg_bit' [/home/chilin/Xilinx/Vivado/2021.1/data/ip/xpm/xpm_fifo/hdl/xpm_fifo.sv:1906]
INFO: [Synth 8-6155] done synthesizing module 'xpm_fifo_reg_bit' (11#1) [/home/chilin/Xilinx/Vivado/2021.1/data/ip/xpm/xpm_fifo/hdl/xpm_fifo.sv:1906]
INFO: [Synth 8-6157] synthesizing module 'xpm_counter_updn__parameterized1' [/home/chilin/Xilinx/Vivado/2021.1/data/ip/xpm/xpm_fifo/hdl/xpm_fifo.sv:1858]
INFO: [Synth 8-6155] done synthesizing module 'xpm_counter_updn__parameterized1' (11#1) [/home/chilin/Xilinx/Vivado/2021.1/data/ip/xpm/xpm_fifo/hdl/xpm_fifo.sv:1858]
INFO: [Synth 8-6157] synthesizing module 'xpm_fifo_rst' [/home/chilin/Xilinx/Vivado/2021.1/data/ip/xpm/xpm_fifo/hdl/xpm_fifo.sv:1618]
INFO: [Synth 8-6157] synthesizing module 'xpm_cdc_sync_rst' [/home/chilin/Xilinx/Vivado/2021.1/data/ip/xpm/xpm_cdc/hdl/xpm_cdc.sv:1059]
INFO: [Synth 8-6155] done synthesizing module 'xpm_cdc_sync_rst' (12#1) [/home/chilin/Xilinx/Vivado/2021.1/data/ip/xpm/xpm_cdc/hdl/xpm_cdc.sv:1059]
INFO: [Synth 8-6155] done synthesizing module 'xpm_fifo_rst' (13#1) [/home/chilin/Xilinx/Vivado/2021.1/data/ip/xpm/xpm_fifo/hdl/xpm_fifo.sv:1618]
INFO: [Synth 8-6157] synthesizing module 'xpm_counter_updn__parameterized2' [/home/chilin/Xilinx/Vivado/2021.1/data/ip/xpm/xpm_fifo/hdl/xpm_fifo.sv:1858]
INFO: [Synth 8-6155] done synthesizing module 'xpm_counter_updn__parameterized2' (13#1) [/home/chilin/Xilinx/Vivado/2021.1/data/ip/xpm/xpm_fifo/hdl/xpm_fifo.sv:1858]
INFO: [Synth 8-6157] synthesizing module 'xpm_counter_updn__parameterized3' [/home/chilin/Xilinx/Vivado/2021.1/data/ip/xpm/xpm_fifo/hdl/xpm_fifo.sv:1858]
INFO: [Synth 8-6155] done synthesizing module 'xpm_counter_updn__parameterized3' (13#1) [/home/chilin/Xilinx/Vivado/2021.1/data/ip/xpm/xpm_fifo/hdl/xpm_fifo.sv:1858]
INFO: [Synth 8-6155] done synthesizing module 'xpm_fifo_base' (14#1) [/home/chilin/Xilinx/Vivado/2021.1/data/ip/xpm/xpm_fifo/hdl/xpm_fifo.sv:56]
INFO: [Synth 8-6155] done synthesizing module 'xpm_fifo_async' (15#1) [/home/chilin/Xilinx/Vivado/2021.1/data/ip/xpm/xpm_fifo/hdl/xpm_fifo.sv:2146]
INFO: [Synth 8-638] synthesizing module 'cdc_sync' [/home/chilin/emb/HW4/aquila_sd/aquila_sd.gen/sources_1/ip/axi_quad_spi_0/hdl/lib_cdc_v1_0_rfs.vhd:106]
	Parameter INIT bound to: 1'b0 
INFO: [Synth 8-113] binding component instance 'CROSS_PLEVEL_IN2SCNDRY_IN_cdc_to' to cell 'FDR' [/home/chilin/emb/HW4/aquila_sd/aquila_sd.gen/sources_1/ip/axi_quad_spi_0/hdl/lib_cdc_v1_0_rfs.vhd:514]
	Parameter INIT bound to: 1'b0 
INFO: [Synth 8-113] binding component instance 'CROSS_PLEVEL_IN2SCNDRY_s_level_out_d2' to cell 'FDR' [/home/chilin/emb/HW4/aquila_sd/aquila_sd.gen/sources_1/ip/axi_quad_spi_0/hdl/lib_cdc_v1_0_rfs.vhd:545]
	Parameter INIT bound to: 1'b0 
INFO: [Synth 8-113] binding component instance 'CROSS_PLEVEL_IN2SCNDRY_s_level_out_d3' to cell 'FDR' [/home/chilin/emb/HW4/aquila_sd/aquila_sd.gen/sources_1/ip/axi_quad_spi_0/hdl/lib_cdc_v1_0_rfs.vhd:554]
	Parameter INIT bound to: 1'b0 
INFO: [Synth 8-113] binding component instance 'CROSS_PLEVEL_IN2SCNDRY_s_level_out_d4' to cell 'FDR' [/home/chilin/emb/HW4/aquila_sd/aquila_sd.gen/sources_1/ip/axi_quad_spi_0/hdl/lib_cdc_v1_0_rfs.vhd:564]
	Parameter INIT bound to: 1'b0 
INFO: [Synth 8-113] binding component instance 'CROSS_PLEVEL_IN2SCNDRY_s_level_out_d5' to cell 'FDR' [/home/chilin/emb/HW4/aquila_sd/aquila_sd.gen/sources_1/ip/axi_quad_spi_0/hdl/lib_cdc_v1_0_rfs.vhd:574]
	Parameter INIT bound to: 1'b0 
INFO: [Synth 8-113] binding component instance 'CROSS_PLEVEL_IN2SCNDRY_s_level_out_d6' to cell 'FDR' [/home/chilin/emb/HW4/aquila_sd/aquila_sd.gen/sources_1/ip/axi_quad_spi_0/hdl/lib_cdc_v1_0_rfs.vhd:584]
INFO: [Synth 8-256] done synthesizing module 'cdc_sync' (16#1) [/home/chilin/emb/HW4/aquila_sd/aquila_sd.gen/sources_1/ip/axi_quad_spi_0/hdl/lib_cdc_v1_0_rfs.vhd:106]
INFO: [Synth 8-638] synthesizing module 'counter_f' [/home/chilin/emb/HW4/aquila_sd/aquila_sd.gen/sources_1/ip/axi_quad_spi_0/hdl/axi_quad_spi_v3_2_rfs.vhd:669]
INFO: [Synth 8-256] done synthesizing module 'counter_f' (17#1) [/home/chilin/emb/HW4/aquila_sd/aquila_sd.gen/sources_1/ip/axi_quad_spi_0/hdl/axi_quad_spi_v3_2_rfs.vhd:669]
INFO: [Synth 8-638] synthesizing module 'async_fifo_fg' [/home/chilin/emb/HW4/aquila_sd/aquila_sd.gen/sources_1/ip/axi_quad_spi_0/hdl/lib_fifo_v1_0_rfs.vhd:255]
	Parameter FIFO_MEMORY_TYPE bound to: auto - type: string 
	Parameter FIFO_WRITE_DEPTH bound to: 256 - type: integer 
	Parameter RELATED_CLOCKS bound to: 0 - type: integer 
	Parameter WRITE_DATA_WIDTH bound to: 8 - type: integer 
	Parameter READ_MODE bound to: fwft - type: string 
	Parameter FIFO_READ_LATENCY bound to: 0 - type: integer 
	Parameter FULL_RESET_VALUE bound to: 1 - type: integer 
	Parameter USE_ADV_FEATURES bound to: 1F1F - type: string 
	Parameter READ_DATA_WIDTH bound to: 8 - type: integer 
	Parameter CDC_SYNC_STAGES bound to: 2 - type: integer 
	Parameter WR_DATA_COUNT_WIDTH bound to: 9 - type: integer 
	Parameter PROG_FULL_THRESH bound to: 10 - type: integer 
	Parameter RD_DATA_COUNT_WIDTH bound to: 9 - type: integer 
	Parameter PROG_EMPTY_THRESH bound to: 10 - type: integer 
	Parameter DOUT_RESET_VALUE bound to: 0 - type: string 
	Parameter ECC_MODE bound to: no_ecc - type: string 
	Parameter WAKEUP_TIME bound to: 0 - type: integer 
INFO: [Synth 8-3491] module 'xpm_fifo_async' declared at '/home/chilin/Xilinx/Vivado/2021.1/data/ip/xpm/xpm_fifo/hdl/xpm_fifo.sv:2146' bound to instance 'xpm_fifo_async_inst' of component 'xpm_fifo_async' [/home/chilin/emb/HW4/aquila_sd/aquila_sd.gen/sources_1/ip/axi_quad_spi_0/hdl/lib_fifo_v1_0_rfs.vhd:1932]
INFO: [Synth 8-6157] synthesizing module 'xpm_fifo_async__parameterized1' [/home/chilin/Xilinx/Vivado/2021.1/data/ip/xpm/xpm_fifo/hdl/xpm_fifo.sv:2146]
INFO: [Synth 8-6157] synthesizing module 'xpm_fifo_base__parameterized0' [/home/chilin/Xilinx/Vivado/2021.1/data/ip/xpm/xpm_fifo/hdl/xpm_fifo.sv:56]
INFO: [Synth 8-226] default block is never used [/home/chilin/Xilinx/Vivado/2021.1/data/ip/xpm/xpm_fifo/hdl/xpm_fifo.sv:1206]
INFO: [Synth 8-226] default block is never used [/home/chilin/Xilinx/Vivado/2021.1/data/ip/xpm/xpm_fifo/hdl/xpm_fifo.sv:1273]
INFO: [Synth 8-226] default block is never used [/home/chilin/Xilinx/Vivado/2021.1/data/ip/xpm/xpm_fifo/hdl/xpm_fifo.sv:1295]
INFO: [Synth 8-6155] done synthesizing module 'xpm_fifo_base__parameterized0' (17#1) [/home/chilin/Xilinx/Vivado/2021.1/data/ip/xpm/xpm_fifo/hdl/xpm_fifo.sv:56]
INFO: [Synth 8-6155] done synthesizing module 'xpm_fifo_async__parameterized1' (17#1) [/home/chilin/Xilinx/Vivado/2021.1/data/ip/xpm/xpm_fifo/hdl/xpm_fifo.sv:2146]
INFO: [Synth 8-256] done synthesizing module 'async_fifo_fg' (18#1) [/home/chilin/emb/HW4/aquila_sd/aquila_sd.gen/sources_1/ip/axi_quad_spi_0/hdl/lib_fifo_v1_0_rfs.vhd:255]
INFO: [Synth 8-638] synthesizing module 'qspi_fifo_ifmodule' [/home/chilin/emb/HW4/aquila_sd/aquila_sd.gen/sources_1/ip/axi_quad_spi_0/hdl/axi_quad_spi_v3_2_rfs.vhd:13465]
INFO: [Synth 8-256] done synthesizing module 'qspi_fifo_ifmodule' (19#1) [/home/chilin/emb/HW4/aquila_sd/aquila_sd.gen/sources_1/ip/axi_quad_spi_0/hdl/axi_quad_spi_v3_2_rfs.vhd:13465]
INFO: [Synth 8-638] synthesizing module 'qspi_occupancy_reg' [/home/chilin/emb/HW4/aquila_sd/aquila_sd.gen/sources_1/ip/axi_quad_spi_0/hdl/axi_quad_spi_v3_2_rfs.vhd:3647]
INFO: [Synth 8-256] done synthesizing module 'qspi_occupancy_reg' (20#1) [/home/chilin/emb/HW4/aquila_sd/aquila_sd.gen/sources_1/ip/axi_quad_spi_0/hdl/axi_quad_spi_v3_2_rfs.vhd:3647]
INFO: [Synth 8-638] synthesizing module 'qspi_mode_0_module' [/home/chilin/emb/HW4/aquila_sd/aquila_sd.gen/sources_1/ip/axi_quad_spi_0/hdl/axi_quad_spi_v3_2_rfs.vhd:8775]
	Parameter INIT bound to: 1'b1 
INFO: [Synth 8-113] binding component instance 'MST_TRANS_INHIBIT_D1_I' to cell 'FD' [/home/chilin/emb/HW4/aquila_sd/aquila_sd.gen/sources_1/ip/axi_quad_spi_0/hdl/axi_quad_spi_v3_2_rfs.vhd:9350]
	Parameter INIT bound to: 1'b1 
INFO: [Synth 8-113] binding component instance 'SPI_TRISTATE_CONTROL_II' to cell 'FD' [/home/chilin/emb/HW4/aquila_sd/aquila_sd.gen/sources_1/ip/axi_quad_spi_0/hdl/axi_quad_spi_v3_2_rfs.vhd:9378]
	Parameter INIT bound to: 1'b1 
INFO: [Synth 8-113] binding component instance 'SPI_TRISTATE_CONTROL_III' to cell 'FD' [/home/chilin/emb/HW4/aquila_sd/aquila_sd.gen/sources_1/ip/axi_quad_spi_0/hdl/axi_quad_spi_v3_2_rfs.vhd:9390]
	Parameter INIT bound to: 1'b1 
INFO: [Synth 8-113] binding component instance 'SPI_TRISTATE_CONTROL_IV' to cell 'FD' [/home/chilin/emb/HW4/aquila_sd/aquila_sd.gen/sources_1/ip/axi_quad_spi_0/hdl/axi_quad_spi_v3_2_rfs.vhd:9402]
	Parameter INIT bound to: 1'b1 
INFO: [Synth 8-113] binding component instance 'SPI_TRISTATE_CONTROL_V' to cell 'FD' [/home/chilin/emb/HW4/aquila_sd/aquila_sd.gen/sources_1/ip/axi_quad_spi_0/hdl/axi_quad_spi_v3_2_rfs.vhd:9426]
	Parameter INIT bound to: 1'b1 
INFO: [Synth 8-113] binding component instance 'SPISEL_REG' to cell 'FD' [/home/chilin/emb/HW4/aquila_sd/aquila_sd.gen/sources_1/ip/axi_quad_spi_0/hdl/axi_quad_spi_v3_2_rfs.vhd:9505]
	Parameter INIT bound to: 1'b0 
INFO: [Synth 8-113] binding component instance 'SCK_I_REG' to cell 'FD' [/home/chilin/emb/HW4/aquila_sd/aquila_sd.gen/sources_1/ip/axi_quad_spi_0/hdl/axi_quad_spi_v3_2_rfs.vhd:9588]
	Parameter INIT bound to: 1'b0 
INFO: [Synth 8-113] binding component instance 'SCK_O_EQ_4_FDRE_INST' to cell 'FDRE' [/home/chilin/emb/HW4/aquila_sd/aquila_sd.gen/sources_1/ip/axi_quad_spi_0/hdl/axi_quad_spi_v3_2_rfs.vhd:10833]
INFO: [Synth 8-256] done synthesizing module 'qspi_mode_0_module' (21#1) [/home/chilin/emb/HW4/aquila_sd/aquila_sd.gen/sources_1/ip/axi_quad_spi_0/hdl/axi_quad_spi_v3_2_rfs.vhd:8775]
INFO: [Synth 8-638] synthesizing module 'qspi_cntrl_reg' [/home/chilin/emb/HW4/aquila_sd/aquila_sd.gen/sources_1/ip/axi_quad_spi_0/hdl/axi_quad_spi_v3_2_rfs.vhd:13820]
INFO: [Synth 8-113] binding component instance 'SPI_TRISTATE_CONTROL_I' to cell 'FDRE' [/home/chilin/emb/HW4/aquila_sd/aquila_sd.gen/sources_1/ip/axi_quad_spi_0/hdl/axi_quad_spi_v3_2_rfs.vhd:14027]
INFO: [Synth 8-113] binding component instance 'SPI_TRISTATE_CONTROL_I' to cell 'FDRE' [/home/chilin/emb/HW4/aquila_sd/aquila_sd.gen/sources_1/ip/axi_quad_spi_0/hdl/axi_quad_spi_v3_2_rfs.vhd:14027]
INFO: [Synth 8-256] done synthesizing module 'qspi_cntrl_reg' (22#1) [/home/chilin/emb/HW4/aquila_sd/aquila_sd.gen/sources_1/ip/axi_quad_spi_0/hdl/axi_quad_spi_v3_2_rfs.vhd:13820]
INFO: [Synth 8-638] synthesizing module 'qspi_status_slave_sel_reg' [/home/chilin/emb/HW4/aquila_sd/aquila_sd.gen/sources_1/ip/axi_quad_spi_0/hdl/axi_quad_spi_v3_2_rfs.vhd:2658]
INFO: [Synth 8-256] done synthesizing module 'qspi_status_slave_sel_reg' (23#1) [/home/chilin/emb/HW4/aquila_sd/aquila_sd.gen/sources_1/ip/axi_quad_spi_0/hdl/axi_quad_spi_v3_2_rfs.vhd:2658]
INFO: [Synth 8-638] synthesizing module 'soft_reset' [/home/chilin/emb/HW4/aquila_sd/aquila_sd.gen/sources_1/ip/axi_quad_spi_0/hdl/axi_quad_spi_v3_2_rfs.vhd:874]
INFO: [Synth 8-113] binding component instance 'RST_FLOPS' to cell 'FDRSE' [/home/chilin/emb/HW4/aquila_sd/aquila_sd.gen/sources_1/ip/axi_quad_spi_0/hdl/axi_quad_spi_v3_2_rfs.vhd:1005]
INFO: [Synth 8-113] binding component instance 'RST_FLOPS' to cell 'FDRSE' [/home/chilin/emb/HW4/aquila_sd/aquila_sd.gen/sources_1/ip/axi_quad_spi_0/hdl/axi_quad_spi_v3_2_rfs.vhd:1005]
INFO: [Synth 8-113] binding component instance 'RST_FLOPS' to cell 'FDRSE' [/home/chilin/emb/HW4/aquila_sd/aquila_sd.gen/sources_1/ip/axi_quad_spi_0/hdl/axi_quad_spi_v3_2_rfs.vhd:1005]
INFO: [Synth 8-113] binding component instance 'RST_FLOPS' to cell 'FDRSE' [/home/chilin/emb/HW4/aquila_sd/aquila_sd.gen/sources_1/ip/axi_quad_spi_0/hdl/axi_quad_spi_v3_2_rfs.vhd:1005]
INFO: [Synth 8-113] binding component instance 'RST_FLOPS' to cell 'FDRSE' [/home/chilin/emb/HW4/aquila_sd/aquila_sd.gen/sources_1/ip/axi_quad_spi_0/hdl/axi_quad_spi_v3_2_rfs.vhd:1005]
INFO: [Synth 8-113] binding component instance 'RST_FLOPS' to cell 'FDRSE' [/home/chilin/emb/HW4/aquila_sd/aquila_sd.gen/sources_1/ip/axi_quad_spi_0/hdl/axi_quad_spi_v3_2_rfs.vhd:1005]
INFO: [Synth 8-113] binding component instance 'RST_FLOPS' to cell 'FDRSE' [/home/chilin/emb/HW4/aquila_sd/aquila_sd.gen/sources_1/ip/axi_quad_spi_0/hdl/axi_quad_spi_v3_2_rfs.vhd:1005]
INFO: [Synth 8-113] binding component instance 'RST_FLOPS' to cell 'FDRSE' [/home/chilin/emb/HW4/aquila_sd/aquila_sd.gen/sources_1/ip/axi_quad_spi_0/hdl/axi_quad_spi_v3_2_rfs.vhd:1005]
INFO: [Synth 8-113] binding component instance 'RST_FLOPS' to cell 'FDRSE' [/home/chilin/emb/HW4/aquila_sd/aquila_sd.gen/sources_1/ip/axi_quad_spi_0/hdl/axi_quad_spi_v3_2_rfs.vhd:1005]
INFO: [Synth 8-113] binding component instance 'RST_FLOPS' to cell 'FDRSE' [/home/chilin/emb/HW4/aquila_sd/aquila_sd.gen/sources_1/ip/axi_quad_spi_0/hdl/axi_quad_spi_v3_2_rfs.vhd:1005]
INFO: [Synth 8-113] binding component instance 'RST_FLOPS' to cell 'FDRSE' [/home/chilin/emb/HW4/aquila_sd/aquila_sd.gen/sources_1/ip/axi_quad_spi_0/hdl/axi_quad_spi_v3_2_rfs.vhd:1005]
INFO: [Synth 8-113] binding component instance 'RST_FLOPS' to cell 'FDRSE' [/home/chilin/emb/HW4/aquila_sd/aquila_sd.gen/sources_1/ip/axi_quad_spi_0/hdl/axi_quad_spi_v3_2_rfs.vhd:1005]
INFO: [Synth 8-113] binding component instance 'RST_FLOPS' to cell 'FDRSE' [/home/chilin/emb/HW4/aquila_sd/aquila_sd.gen/sources_1/ip/axi_quad_spi_0/hdl/axi_quad_spi_v3_2_rfs.vhd:1005]
INFO: [Common 17-14] Message 'Synth 8-113' appears 100 times and further instances of the messages will be disabled. Use the Tcl command set_msg_config to change the current settings.
INFO: [Synth 8-256] done synthesizing module 'soft_reset' (24#1) [/home/chilin/emb/HW4/aquila_sd/aquila_sd.gen/sources_1/ip/axi_quad_spi_0/hdl/axi_quad_spi_v3_2_rfs.vhd:874]
INFO: [Synth 8-638] synthesizing module 'interrupt_control' [/home/chilin/emb/HW4/aquila_sd/aquila_sd.gen/sources_1/ip/axi_quad_spi_0/hdl/interrupt_control_v3_1_vh_rfs.vhd:259]
INFO: [Synth 8-256] done synthesizing module 'interrupt_control' (25#1) [/home/chilin/emb/HW4/aquila_sd/aquila_sd.gen/sources_1/ip/axi_quad_spi_0/hdl/interrupt_control_v3_1_vh_rfs.vhd:259]
INFO: [Synth 8-256] done synthesizing module 'qspi_core_interface' (26#1) [/home/chilin/emb/HW4/aquila_sd/aquila_sd.gen/sources_1/ip/axi_quad_spi_0/hdl/axi_quad_spi_v3_2_rfs.vhd:19206]
INFO: [Synth 8-256] done synthesizing module 'axi_quad_spi_top' (27#1) [/home/chilin/emb/HW4/aquila_sd/aquila_sd.gen/sources_1/ip/axi_quad_spi_0/hdl/axi_quad_spi_v3_2_rfs.vhd:34994]
INFO: [Synth 8-256] done synthesizing module 'axi_quad_spi' (28#1) [/home/chilin/emb/HW4/aquila_sd/aquila_sd.gen/sources_1/ip/axi_quad_spi_0/hdl/axi_quad_spi_v3_2_rfs.vhd:36738]
INFO: [Synth 8-256] done synthesizing module 'axi_quad_spi_0' (29#1) [/home/chilin/emb/HW4/aquila_sd/aquila_sd.gen/sources_1/ip/axi_quad_spi_0/synth/axi_quad_spi_0.vhd:97]
---------------------------------------------------------------------------------
Finished RTL Elaboration : Time (s): cpu = 00:00:15 ; elapsed = 00:00:29 . Memory (MB): peak = 2438.664 ; gain = 0.000 ; free physical = 4649 ; free virtual = 5288
---------------------------------------------------------------------------------
---------------------------------------------------------------------------------
Start Handling Custom Attributes
---------------------------------------------------------------------------------
---------------------------------------------------------------------------------
Finished Handling Custom Attributes : Time (s): cpu = 00:00:16 ; elapsed = 00:00:31 . Memory (MB): peak = 2438.664 ; gain = 0.000 ; free physical = 4606 ; free virtual = 5279
---------------------------------------------------------------------------------
---------------------------------------------------------------------------------
Finished RTL Optimization Phase 1 : Time (s): cpu = 00:00:16 ; elapsed = 00:00:31 . Memory (MB): peak = 2438.664 ; gain = 0.000 ; free physical = 4606 ; free virtual = 5279
---------------------------------------------------------------------------------
Netlist sorting complete. Time (s): cpu = 00:00:00.02 ; elapsed = 00:00:00.02 . Memory (MB): peak = 2438.664 ; gain = 0.000 ; free physical = 4709 ; free virtual = 5357
INFO: [Netlist 29-17] Analyzing 107 Unisim elements for replacement
INFO: [Netlist 29-28] Unisim Transformation completed in 0 CPU seconds
INFO: [Project 1-570] Preparing netlist for logic optimization

Processing XDC Constraints
Initializing timing engine
Parsing XDC File [/home/chilin/emb/HW4/aquila_sd/aquila_sd.gen/sources_1/ip/axi_quad_spi_0/axi_quad_spi_0_ooc.xdc] for cell 'U0'
Finished Parsing XDC File [/home/chilin/emb/HW4/aquila_sd/aquila_sd.gen/sources_1/ip/axi_quad_spi_0/axi_quad_spi_0_ooc.xdc] for cell 'U0'
Parsing XDC File [/home/chilin/emb/HW4/aquila_sd/aquila_sd.gen/sources_1/ip/axi_quad_spi_0/axi_quad_spi_0_board.xdc] for cell 'U0'
Finished Parsing XDC File [/home/chilin/emb/HW4/aquila_sd/aquila_sd.gen/sources_1/ip/axi_quad_spi_0/axi_quad_spi_0_board.xdc] for cell 'U0'
Parsing XDC File [/home/chilin/emb/HW4/aquila_sd/aquila_sd.gen/sources_1/ip/axi_quad_spi_0/axi_quad_spi_0.xdc] for cell 'U0'
Finished Parsing XDC File [/home/chilin/emb/HW4/aquila_sd/aquila_sd.gen/sources_1/ip/axi_quad_spi_0/axi_quad_spi_0.xdc] for cell 'U0'
Parsing XDC File [/home/chilin/emb/HW4/aquila_sd/aquila_sd.runs/axi_quad_spi_0_synth_1/dont_touch.xdc]
Finished Parsing XDC File [/home/chilin/emb/HW4/aquila_sd/aquila_sd.runs/axi_quad_spi_0_synth_1/dont_touch.xdc]
Parsing XDC File [/home/chilin/emb/HW4/aquila_sd/aquila_sd.gen/sources_1/ip/axi_quad_spi_0/axi_quad_spi_0_clocks.xdc] for cell 'U0'
Finished Parsing XDC File [/home/chilin/emb/HW4/aquila_sd/aquila_sd.gen/sources_1/ip/axi_quad_spi_0/axi_quad_spi_0_clocks.xdc] for cell 'U0'
INFO: [Vivado 12-3272] Current instance is the top level cell 'U0/NO_DUAL_QUAD_MODE.QSPI_NORMAL/QSPI_LEGACY_MD_GEN.QSPI_CORE_INTERFACE_I/FIFO_EXISTS.RX_FIFO_II/gnuram_async_fifo.xpm_fifo_base_inst/gen_cdc_pntr.rd_pntr_cdc_inst' of design 'preSynthElab_1' [/home/chilin/Xilinx/Vivado/2021.1/data/ip/xpm/xpm_cdc/tcl/xpm_cdc_gray.tcl:16]
WARNING: [XPM_CDC_GRAY: TCL-1000] The source and destination clocks are the same. 
     Instance: U0/NO_DUAL_QUAD_MODE.QSPI_NORMAL/QSPI_LEGACY_MD_GEN.QSPI_CORE_INTERFACE_I/FIFO_EXISTS.RX_FIFO_II/gnuram_async_fifo.xpm_fifo_base_inst/gen_cdc_pntr.rd_pntr_cdc_inst 
  This will add unnecessary latency to the design. Please check the design for the following: 
 1) Manually instantiated XPM_CDC modules: Xilinx recommends that you remove these modules. 
 2) Xilinx IP that contains XPM_CDC modules: Verify the connections to the IP to determine whether you can safely ignore this message.
 [/home/chilin/Xilinx/Vivado/2021.1/data/ip/xpm/xpm_cdc/tcl/xpm_cdc_gray.tcl:16]
INFO: [Vivado 12-3272] Current instance is the top level cell 'U0/NO_DUAL_QUAD_MODE.QSPI_NORMAL/QSPI_LEGACY_MD_GEN.QSPI_CORE_INTERFACE_I/FIFO_EXISTS.RX_FIFO_II/gnuram_async_fifo.xpm_fifo_base_inst/gen_cdc_pntr.wr_pntr_cdc_inst' of design 'preSynthElab_1' [/home/chilin/Xilinx/Vivado/2021.1/data/ip/xpm/xpm_cdc/tcl/xpm_cdc_gray.tcl:16]
WARNING: [XPM_CDC_GRAY: TCL-1000] The source and destination clocks are the same. 
     Instance: U0/NO_DUAL_QUAD_MODE.QSPI_NORMAL/QSPI_LEGACY_MD_GEN.QSPI_CORE_INTERFACE_I/FIFO_EXISTS.RX_FIFO_II/gnuram_async_fifo.xpm_fifo_base_inst/gen_cdc_pntr.wr_pntr_cdc_inst 
  This will add unnecessary latency to the design. Please check the design for the following: 
 1) Manually instantiated XPM_CDC modules: Xilinx recommends that you remove these modules. 
 2) Xilinx IP that contains XPM_CDC modules: Verify the connections to the IP to determine whether you can safely ignore this message.
 [/home/chilin/Xilinx/Vivado/2021.1/data/ip/xpm/xpm_cdc/tcl/xpm_cdc_gray.tcl:16]
INFO: [Vivado 12-3272] Current instance is the top level cell 'U0/NO_DUAL_QUAD_MODE.QSPI_NORMAL/QSPI_LEGACY_MD_GEN.QSPI_CORE_INTERFACE_I/FIFO_EXISTS.TX_FIFO_II/xpm_fifo_instance.xpm_fifo_async_inst/gnuram_async_fifo.xpm_fifo_base_inst/gen_cdc_pntr.rd_pntr_cdc_inst' of design 'preSynthElab_1' [/home/chilin/Xilinx/Vivado/2021.1/data/ip/xpm/xpm_cdc/tcl/xpm_cdc_gray.tcl:16]
WARNING: [XPM_CDC_GRAY: TCL-1000] The source and destination clocks are the same. 
     Instance: U0/NO_DUAL_QUAD_MODE.QSPI_NORMAL/QSPI_LEGACY_MD_GEN.QSPI_CORE_INTERFACE_I/FIFO_EXISTS.TX_FIFO_II/xpm_fifo_instance.xpm_fifo_async_inst/gnuram_async_fifo.xpm_fifo_base_inst/gen_cdc_pntr.rd_pntr_cdc_inst 
  This will add unnecessary latency to the design. Please check the design for the following: 
 1) Manually instantiated XPM_CDC modules: Xilinx recommends that you remove these modules. 
 2) Xilinx IP that contains XPM_CDC modules: Verify the connections to the IP to determine whether you can safely ignore this message.
 [/home/chilin/Xilinx/Vivado/2021.1/data/ip/xpm/xpm_cdc/tcl/xpm_cdc_gray.tcl:16]
INFO: [Vivado 12-3272] Current instance is the top level cell 'U0/NO_DUAL_QUAD_MODE.QSPI_NORMAL/QSPI_LEGACY_MD_GEN.QSPI_CORE_INTERFACE_I/FIFO_EXISTS.TX_FIFO_II/xpm_fifo_instance.xpm_fifo_async_inst/gnuram_async_fifo.xpm_fifo_base_inst/gen_cdc_pntr.wr_pntr_cdc_inst' of design 'preSynthElab_1' [/home/chilin/Xilinx/Vivado/2021.1/data/ip/xpm/xpm_cdc/tcl/xpm_cdc_gray.tcl:16]
WARNING: [XPM_CDC_GRAY: TCL-1000] The source and destination clocks are the same. 
     Instance: U0/NO_DUAL_QUAD_MODE.QSPI_NORMAL/QSPI_LEGACY_MD_GEN.QSPI_CORE_INTERFACE_I/FIFO_EXISTS.TX_FIFO_II/xpm_fifo_instance.xpm_fifo_async_inst/gnuram_async_fifo.xpm_fifo_base_inst/gen_cdc_pntr.wr_pntr_cdc_inst 
  This will add unnecessary latency to the design. Please check the design for the following: 
 1) Manually instantiated XPM_CDC modules: Xilinx recommends that you remove these modules. 
 2) Xilinx IP that contains XPM_CDC modules: Verify the connections to the IP to determine whether you can safely ignore this message.
 [/home/chilin/Xilinx/Vivado/2021.1/data/ip/xpm/xpm_cdc/tcl/xpm_cdc_gray.tcl:16]
INFO: [Vivado 12-3272] Current instance is the top level cell 'U0/NO_DUAL_QUAD_MODE.QSPI_NORMAL/QSPI_LEGACY_MD_GEN.QSPI_CORE_INTERFACE_I/FIFO_EXISTS.RX_FIFO_II/gnuram_async_fifo.xpm_fifo_base_inst/gen_cdc_pntr.wr_pntr_cdc_dc_inst' of design 'preSynthElab_1' [/home/chilin/Xilinx/Vivado/2021.1/data/ip/xpm/xpm_cdc/tcl/xpm_cdc_gray.tcl:16]
WARNING: [XPM_CDC_GRAY: TCL-1000] The source and destination clocks are the same. 
     Instance: U0/NO_DUAL_QUAD_MODE.QSPI_NORMAL/QSPI_LEGACY_MD_GEN.QSPI_CORE_INTERFACE_I/FIFO_EXISTS.RX_FIFO_II/gnuram_async_fifo.xpm_fifo_base_inst/gen_cdc_pntr.wr_pntr_cdc_dc_inst 
  This will add unnecessary latency to the design. Please check the design for the following: 
 1) Manually instantiated XPM_CDC modules: Xilinx recommends that you remove these modules. 
 2) Xilinx IP that contains XPM_CDC modules: Verify the connections to the IP to determine whether you can safely ignore this message.
 [/home/chilin/Xilinx/Vivado/2021.1/data/ip/xpm/xpm_cdc/tcl/xpm_cdc_gray.tcl:16]
INFO: [Vivado 12-3272] Current instance is the top level cell 'U0/NO_DUAL_QUAD_MODE.QSPI_NORMAL/QSPI_LEGACY_MD_GEN.QSPI_CORE_INTERFACE_I/FIFO_EXISTS.TX_FIFO_II/xpm_fifo_instance.xpm_fifo_async_inst/gnuram_async_fifo.xpm_fifo_base_inst/gen_cdc_pntr.wr_pntr_cdc_dc_inst' of design 'preSynthElab_1' [/home/chilin/Xilinx/Vivado/2021.1/data/ip/xpm/xpm_cdc/tcl/xpm_cdc_gray.tcl:16]
WARNING: [XPM_CDC_GRAY: TCL-1000] The source and destination clocks are the same. 
     Instance: U0/NO_DUAL_QUAD_MODE.QSPI_NORMAL/QSPI_LEGACY_MD_GEN.QSPI_CORE_INTERFACE_I/FIFO_EXISTS.TX_FIFO_II/xpm_fifo_instance.xpm_fifo_async_inst/gnuram_async_fifo.xpm_fifo_base_inst/gen_cdc_pntr.wr_pntr_cdc_dc_inst 
  This will add unnecessary latency to the design. Please check the design for the following: 
 1) Manually instantiated XPM_CDC modules: Xilinx recommends that you remove these modules. 
 2) Xilinx IP that contains XPM_CDC modules: Verify the connections to the IP to determine whether you can safely ignore this message.
 [/home/chilin/Xilinx/Vivado/2021.1/data/ip/xpm/xpm_cdc/tcl/xpm_cdc_gray.tcl:16]
INFO: [Vivado 12-3272] Current instance is the top level cell 'U0/NO_DUAL_QUAD_MODE.QSPI_NORMAL/QSPI_LEGACY_MD_GEN.QSPI_CORE_INTERFACE_I/FIFO_EXISTS.RX_FIFO_II/gnuram_async_fifo.xpm_fifo_base_inst/gen_cdc_pntr.rd_pntr_cdc_dc_inst' of design 'preSynthElab_1' [/home/chilin/Xilinx/Vivado/2021.1/data/ip/xpm/xpm_cdc/tcl/xpm_cdc_gray.tcl:16]
WARNING: [XPM_CDC_GRAY: TCL-1000] The source and destination clocks are the same. 
     Instance: U0/NO_DUAL_QUAD_MODE.QSPI_NORMAL/QSPI_LEGACY_MD_GEN.QSPI_CORE_INTERFACE_I/FIFO_EXISTS.RX_FIFO_II/gnuram_async_fifo.xpm_fifo_base_inst/gen_cdc_pntr.rd_pntr_cdc_dc_inst 
  This will add unnecessary latency to the design. Please check the design for the following: 
 1) Manually instantiated XPM_CDC modules: Xilinx recommends that you remove these modules. 
 2) Xilinx IP that contains XPM_CDC modules: Verify the connections to the IP to determine whether you can safely ignore this message.
 [/home/chilin/Xilinx/Vivado/2021.1/data/ip/xpm/xpm_cdc/tcl/xpm_cdc_gray.tcl:16]
INFO: [Vivado 12-3272] Current instance is the top level cell 'U0/NO_DUAL_QUAD_MODE.QSPI_NORMAL/QSPI_LEGACY_MD_GEN.QSPI_CORE_INTERFACE_I/FIFO_EXISTS.TX_FIFO_II/xpm_fifo_instance.xpm_fifo_async_inst/gnuram_async_fifo.xpm_fifo_base_inst/gen_cdc_pntr.rd_pntr_cdc_dc_inst' of design 'preSynthElab_1' [/home/chilin/Xilinx/Vivado/2021.1/data/ip/xpm/xpm_cdc/tcl/xpm_cdc_gray.tcl:16]
WARNING: [XPM_CDC_GRAY: TCL-1000] The source and destination clocks are the same. 
     Instance: U0/NO_DUAL_QUAD_MODE.QSPI_NORMAL/QSPI_LEGACY_MD_GEN.QSPI_CORE_INTERFACE_I/FIFO_EXISTS.TX_FIFO_II/xpm_fifo_instance.xpm_fifo_async_inst/gnuram_async_fifo.xpm_fifo_base_inst/gen_cdc_pntr.rd_pntr_cdc_dc_inst 
  This will add unnecessary latency to the design. Please check the design for the following: 
 1) Manually instantiated XPM_CDC modules: Xilinx recommends that you remove these modules. 
 2) Xilinx IP that contains XPM_CDC modules: Verify the connections to the IP to determine whether you can safely ignore this message.
 [/home/chilin/Xilinx/Vivado/2021.1/data/ip/xpm/xpm_cdc/tcl/xpm_cdc_gray.tcl:16]
INFO: [Project 1-236] Implementation specific constraints were found while reading constraint file [/home/chilin/Xilinx/Vivado/2021.1/data/ip/xpm/xpm_cdc/tcl/xpm_cdc_gray.tcl]. These constraints will be ignored for synthesis but will be used in implementation. Impacted constraints are listed in the file [.Xil/axi_quad_spi_0_propImpl.xdc].
Resolution: To avoid this warning, move constraints listed in [.Xil/axi_quad_spi_0_propImpl.xdc] to another XDC file and exclude this new file from synthesis with the used_in_synthesis property (File Properties dialog in GUI) and re-run elaboration/synthesis.
INFO: [Project 1-236] Implementation specific constraints were found while reading constraint file [/home/chilin/Xilinx/Vivado/2021.1/data/ip/xpm/xpm_fifo/tcl/xpm_fifo_rst.tcl]. These constraints will be ignored for synthesis but will be used in implementation. Impacted constraints are listed in the file [.Xil/axi_quad_spi_0_propImpl.xdc].
Resolution: To avoid this warning, move constraints listed in [.Xil/axi_quad_spi_0_propImpl.xdc] to another XDC file and exclude this new file from synthesis with the used_in_synthesis property (File Properties dialog in GUI) and re-run elaboration/synthesis.
INFO: [Project 1-1714] 14 XPM XDC files have been applied to the design.
Completed Processing XDC Constraints

Netlist sorting complete. Time (s): cpu = 00:00:00 ; elapsed = 00:00:00 . Memory (MB): peak = 2502.562 ; gain = 0.000 ; free physical = 4571 ; free virtual = 5239
INFO: [Project 1-111] Unisim Transformation Summary:
  A total of 107 instances were transformed.
  FD => FDRE: 11 instances
  FDR => FDRE: 79 instances
  FDRSE => FDRSE (FDRE, LUT4, VCC): 17 instances

Constraint Validation Runtime : Time (s): cpu = 00:00:00.06 ; elapsed = 00:00:00.04 . Memory (MB): peak = 2502.562 ; gain = 0.000 ; free physical = 4589 ; free virtual = 5257
---------------------------------------------------------------------------------
Finished Constraint Validation : Time (s): cpu = 00:00:22 ; elapsed = 00:00:36 . Memory (MB): peak = 2502.562 ; gain = 63.898 ; free physical = 4390 ; free virtual = 5103
---------------------------------------------------------------------------------
---------------------------------------------------------------------------------
Start Loading Part and Timing Information
---------------------------------------------------------------------------------
Loading part: xc7a35ticsg324-1L
---------------------------------------------------------------------------------
Finished Loading Part and Timing Information : Time (s): cpu = 00:00:22 ; elapsed = 00:00:36 . Memory (MB): peak = 2502.562 ; gain = 63.898 ; free physical = 4388 ; free virtual = 5102
---------------------------------------------------------------------------------
---------------------------------------------------------------------------------
Start Applying 'set_property' XDC Constraints
---------------------------------------------------------------------------------
Applied set_property KEEP_HIERARCHY = SOFT for U0. (constraint file  /home/chilin/emb/HW4/aquila_sd/aquila_sd.runs/axi_quad_spi_0_synth_1/dont_touch.xdc, line 9).
Applied set_property KEEP_HIERARCHY = SOFT for U0/\NO_DUAL_QUAD_MODE.QSPI_NORMAL /\QSPI_LEGACY_MD_GEN.QSPI_CORE_INTERFACE_I /\FIFO_EXISTS.RX_FIFO_II /\gnuram_async_fifo.xpm_fifo_base_inst /\gen_cdc_pntr.rd_pntr_cdc_inst . (constraint file  auto generated constraint).
Applied set_property KEEP_HIERARCHY = SOFT for U0/\NO_DUAL_QUAD_MODE.QSPI_NORMAL /\QSPI_LEGACY_MD_GEN.QSPI_CORE_INTERFACE_I /\FIFO_EXISTS.TX_FIFO_II /\xpm_fifo_instance.xpm_fifo_async_inst /\gnuram_async_fifo.xpm_fifo_base_inst /\gen_cdc_pntr.rd_pntr_cdc_inst . (constraint file  auto generated constraint).
Applied set_property KEEP_HIERARCHY = SOFT for U0/\NO_DUAL_QUAD_MODE.QSPI_NORMAL /\QSPI_LEGACY_MD_GEN.QSPI_CORE_INTERFACE_I /\FIFO_EXISTS.RX_FIFO_II /\gnuram_async_fifo.xpm_fifo_base_inst /\gen_cdc_pntr.wr_pntr_cdc_inst . (constraint file  auto generated constraint).
Applied set_property KEEP_HIERARCHY = SOFT for U0/\NO_DUAL_QUAD_MODE.QSPI_NORMAL /\QSPI_LEGACY_MD_GEN.QSPI_CORE_INTERFACE_I /\FIFO_EXISTS.TX_FIFO_II /\xpm_fifo_instance.xpm_fifo_async_inst /\gnuram_async_fifo.xpm_fifo_base_inst /\gen_cdc_pntr.wr_pntr_cdc_inst . (constraint file  auto generated constraint).
Applied set_property KEEP_HIERARCHY = SOFT for U0/\NO_DUAL_QUAD_MODE.QSPI_NORMAL /\QSPI_LEGACY_MD_GEN.QSPI_CORE_INTERFACE_I /\FIFO_EXISTS.RX_FIFO_II /\gnuram_async_fifo.xpm_fifo_base_inst /\gen_cdc_pntr.rd_pntr_cdc_dc_inst . (constraint file  auto generated constraint).
Applied set_property KEEP_HIERARCHY = SOFT for U0/\NO_DUAL_QUAD_MODE.QSPI_NORMAL /\QSPI_LEGACY_MD_GEN.QSPI_CORE_INTERFACE_I /\FIFO_EXISTS.TX_FIFO_II /\xpm_fifo_instance.xpm_fifo_async_inst /\gnuram_async_fifo.xpm_fifo_base_inst /\gen_cdc_pntr.rd_pntr_cdc_dc_inst . (constraint file  auto generated constraint).
Applied set_property KEEP_HIERARCHY = SOFT for U0/\NO_DUAL_QUAD_MODE.QSPI_NORMAL /\QSPI_LEGACY_MD_GEN.QSPI_CORE_INTERFACE_I /\FIFO_EXISTS.RX_FIFO_II /\gnuram_async_fifo.xpm_fifo_base_inst /\gen_cdc_pntr.wr_pntr_cdc_dc_inst . (constraint file  auto generated constraint).
Applied set_property KEEP_HIERARCHY = SOFT for U0/\NO_DUAL_QUAD_MODE.QSPI_NORMAL /\QSPI_LEGACY_MD_GEN.QSPI_CORE_INTERFACE_I /\FIFO_EXISTS.TX_FIFO_II /\xpm_fifo_instance.xpm_fifo_async_inst /\gnuram_async_fifo.xpm_fifo_base_inst /\gen_cdc_pntr.wr_pntr_cdc_dc_inst . (constraint file  auto generated constraint).
Applied set_property KEEP_HIERARCHY = SOFT for U0/\NO_DUAL_QUAD_MODE.QSPI_NORMAL /\QSPI_LEGACY_MD_GEN.QSPI_CORE_INTERFACE_I /\FIFO_EXISTS.RX_FIFO_II /\gnuram_async_fifo.xpm_fifo_base_inst /xpm_fifo_rst_inst/\gen_rst_ic.rrst_wr_inst . (constraint file  auto generated constraint).
Applied set_property KEEP_HIERARCHY = SOFT for U0/\NO_DUAL_QUAD_MODE.QSPI_NORMAL /\QSPI_LEGACY_MD_GEN.QSPI_CORE_INTERFACE_I /\FIFO_EXISTS.TX_FIFO_II /\xpm_fifo_instance.xpm_fifo_async_inst /\gnuram_async_fifo.xpm_fifo_base_inst /xpm_fifo_rst_inst/\gen_rst_ic.rrst_wr_inst . (constraint file  auto generated constraint).
Applied set_property KEEP_HIERARCHY = SOFT for U0/\NO_DUAL_QUAD_MODE.QSPI_NORMAL /\QSPI_LEGACY_MD_GEN.QSPI_CORE_INTERFACE_I /\FIFO_EXISTS.RX_FIFO_II /\gnuram_async_fifo.xpm_fifo_base_inst /xpm_fifo_rst_inst/\gen_rst_ic.wrst_rd_inst . (constraint file  auto generated constraint).
Applied set_property KEEP_HIERARCHY = SOFT for U0/\NO_DUAL_QUAD_MODE.QSPI_NORMAL /\QSPI_LEGACY_MD_GEN.QSPI_CORE_INTERFACE_I /\FIFO_EXISTS.TX_FIFO_II /\xpm_fifo_instance.xpm_fifo_async_inst /\gnuram_async_fifo.xpm_fifo_base_inst /xpm_fifo_rst_inst/\gen_rst_ic.wrst_rd_inst . (constraint file  auto generated constraint).
Applied set_property KEEP_HIERARCHY = SOFT for U0/\NO_DUAL_QUAD_MODE.QSPI_NORMAL /\QSPI_LEGACY_MD_GEN.QSPI_CORE_INTERFACE_I /\FIFO_EXISTS.RX_FIFO_II . (constraint file  auto generated constraint).
Applied set_property KEEP_HIERARCHY = SOFT for U0/\NO_DUAL_QUAD_MODE.QSPI_NORMAL /\QSPI_LEGACY_MD_GEN.QSPI_CORE_INTERFACE_I /\FIFO_EXISTS.TX_FIFO_II /\xpm_fifo_instance.xpm_fifo_async_inst . (constraint file  auto generated constraint).
Applied set_property KEEP = true for U0/\NO_DUAL_QUAD_MODE.QSPI_NORMAL /\QSPI_LEGACY_MD_GEN.QSPI_CORE_INTERFACE_I /\LOGIC_FOR_MD_0_GEN.SPI_MODULE_I /MOSI_T. (constraint file  auto generated constraint).
Applied set_property KEEP = true for U0/\NO_DUAL_QUAD_MODE.QSPI_NORMAL /\QSPI_LEGACY_MD_GEN.QSPI_CORE_INTERFACE_I /\LOGIC_FOR_MD_0_GEN.SPI_MODULE_I /MISO_T. (constraint file  auto generated constraint).
Applied set_property KEEP = true for U0/\NO_DUAL_QUAD_MODE.QSPI_NORMAL /\QSPI_LEGACY_MD_GEN.QSPI_CORE_INTERFACE_I /\LOGIC_FOR_MD_0_GEN.SPI_MODULE_I /SCK_T. (constraint file  auto generated constraint).
Applied set_property KEEP = true for U0/\NO_DUAL_QUAD_MODE.QSPI_NORMAL /\QSPI_LEGACY_MD_GEN.QSPI_CORE_INTERFACE_I /\LOGIC_FOR_MD_0_GEN.SPI_MODULE_I /SS_T. (constraint file  auto generated constraint).
---------------------------------------------------------------------------------
Finished applying 'set_property' XDC Constraints : Time (s): cpu = 00:00:22 ; elapsed = 00:00:37 . Memory (MB): peak = 2502.562 ; gain = 63.898 ; free physical = 4357 ; free virtual = 5070
---------------------------------------------------------------------------------
INFO: [Synth 8-802] inferred FSM for state register 'state_reg' in module 'slave_attachment'
INFO: [Synth 8-802] inferred FSM for state register 'gen_rst_ic.curr_wrst_state_reg' in module 'xpm_fifo_rst__xdcDup__1'
INFO: [Synth 8-802] inferred FSM for state register 'gen_rst_ic.curr_rrst_state_reg' in module 'xpm_fifo_rst__xdcDup__1'
INFO: [Synth 8-802] inferred FSM for state register 'gen_fwft.curr_fwft_state_reg' in module 'xpm_fifo_base'
INFO: [Synth 8-802] inferred FSM for state register 'gen_rst_ic.curr_wrst_state_reg' in module 'xpm_fifo_rst'
INFO: [Synth 8-802] inferred FSM for state register 'gen_rst_ic.curr_rrst_state_reg' in module 'xpm_fifo_rst'
INFO: [Synth 8-802] inferred FSM for state register 'gen_fwft.curr_fwft_state_reg' in module 'xpm_fifo_base__parameterized0'
INFO: [Synth 8-802] inferred FSM for state register 'LOCAL_TX_EMPTY_FIFO_12_GEN.spi_cntrl_ps_reg' in module 'qspi_mode_0_module'
---------------------------------------------------------------------------------------------------
                   State |                     New Encoding |                Previous Encoding 
---------------------------------------------------------------------------------------------------
                 iSTATE2 |                             0001 |                               00
                  iSTATE |                             0010 |                               01
                 iSTATE0 |                             0100 |                               10
                 iSTATE1 |                             1000 |                               11
---------------------------------------------------------------------------------------------------
INFO: [Synth 8-3354] encoded FSM with state register 'state_reg' using encoding 'one-hot' in module 'slave_attachment'
INFO: [Synth 8-5552] Implemented safe state 'default_state' for state register 'gen_rst_ic.curr_wrst_state_reg' in module 'xpm_fifo_rst__xdcDup__1'
---------------------------------------------------------------------------------------------------
                   State |                     New Encoding |                Previous Encoding 
---------------------------------------------------------------------------------------------------
*
               WRST_IDLE |                            00001 |                              000
                 WRST_IN |                            00010 |                              010
                WRST_OUT |                            00100 |                              111
               WRST_EXIT |                            01000 |                              110
            WRST_GO2IDLE |                            10000 |                              100
---------------------------------------------------------------------------------------------------
INFO: [Synth 8-3354] encoded FSM with state register 'gen_rst_ic.curr_wrst_state_reg' using encoding 'one-hot' in module 'xpm_fifo_rst__xdcDup__1'
INFO: [Synth 8-5552] Implemented safe state 'default_state' for state register 'gen_rst_ic.curr_rrst_state_reg' in module 'xpm_fifo_rst__xdcDup__1'
---------------------------------------------------------------------------------------------------
                   State |                     New Encoding |                Previous Encoding 
---------------------------------------------------------------------------------------------------
*
               RRST_IDLE |                               00 |                               00
                 RRST_IN |                               01 |                               10
                RRST_OUT |                               10 |                               11
               RRST_EXIT |                               11 |                               01
---------------------------------------------------------------------------------------------------
INFO: [Synth 8-3354] encoded FSM with state register 'gen_rst_ic.curr_rrst_state_reg' using encoding 'sequential' in module 'xpm_fifo_rst__xdcDup__1'
---------------------------------------------------------------------------------------------------
                   State |                     New Encoding |                Previous Encoding 
---------------------------------------------------------------------------------------------------
                 invalid |                               00 |                               00
            stage1_valid |                               01 |                               10
       both_stages_valid |                               10 |                               11
            stage2_valid |                               11 |                               01
---------------------------------------------------------------------------------------------------
INFO: [Synth 8-3354] encoded FSM with state register 'gen_fwft.curr_fwft_state_reg' using encoding 'sequential' in module 'xpm_fifo_base'
INFO: [Synth 8-5552] Implemented safe state 'default_state' for state register 'gen_rst_ic.curr_wrst_state_reg' in module 'xpm_fifo_rst'
---------------------------------------------------------------------------------------------------
                   State |                     New Encoding |                Previous Encoding 
---------------------------------------------------------------------------------------------------
*
               WRST_IDLE |                            00001 |                              000
                 WRST_IN |                            00010 |                              010
                WRST_OUT |                            00100 |                              111
               WRST_EXIT |                            01000 |                              110
            WRST_GO2IDLE |                            10000 |                              100
---------------------------------------------------------------------------------------------------
INFO: [Synth 8-3354] encoded FSM with state register 'gen_rst_ic.curr_wrst_state_reg' using encoding 'one-hot' in module 'xpm_fifo_rst'
INFO: [Synth 8-5552] Implemented safe state 'default_state' for state register 'gen_rst_ic.curr_rrst_state_reg' in module 'xpm_fifo_rst'
---------------------------------------------------------------------------------------------------
                   State |                     New Encoding |                Previous Encoding 
---------------------------------------------------------------------------------------------------
*
               RRST_IDLE |                               00 |                               00
                 RRST_IN |                               01 |                               10
                RRST_OUT |                               10 |                               11
               RRST_EXIT |                               11 |                               01
---------------------------------------------------------------------------------------------------
INFO: [Synth 8-3354] encoded FSM with state register 'gen_rst_ic.curr_rrst_state_reg' using encoding 'sequential' in module 'xpm_fifo_rst'
---------------------------------------------------------------------------------------------------
                   State |                     New Encoding |                Previous Encoding 
---------------------------------------------------------------------------------------------------
                 invalid |                               00 |                               00
            stage1_valid |                               01 |                               10
       both_stages_valid |                               10 |                               11
            stage2_valid |                               11 |                               01
---------------------------------------------------------------------------------------------------
INFO: [Synth 8-3354] encoded FSM with state register 'gen_fwft.curr_fwft_state_reg' using encoding 'sequential' in module 'xpm_fifo_base__parameterized0'
---------------------------------------------------------------------------------------------------
                   State |                     New Encoding |                Previous Encoding 
---------------------------------------------------------------------------------------------------
                    idle |                               00 |                               00
           transfer_okay |                               01 |                               01
      temp_transfer_okay |                               10 |                               10
---------------------------------------------------------------------------------------------------
INFO: [Synth 8-3354] encoded FSM with state register 'LOCAL_TX_EMPTY_FIFO_12_GEN.spi_cntrl_ps_reg' using encoding 'sequential' in module 'qspi_mode_0_module'
---------------------------------------------------------------------------------
Finished RTL Optimization Phase 2 : Time (s): cpu = 00:00:24 ; elapsed = 00:00:39 . Memory (MB): peak = 2502.562 ; gain = 63.898 ; free physical = 4144 ; free virtual = 4863
---------------------------------------------------------------------------------
---------------------------------------------------------------------------------
Start RTL Component Statistics 
---------------------------------------------------------------------------------
Detailed RTL Component Info : 
+---Adders : 
	   4 Input    9 Bit       Adders := 6     
	   2 Input    9 Bit       Adders := 4     
	   3 Input    9 Bit       Adders := 4     
	   4 Input    8 Bit       Adders := 10    
	   3 Input    8 Bit       Adders := 2     
	   2 Input    8 Bit       Adders := 2     
	   2 Input    6 Bit       Adders := 1     
	   2 Input    5 Bit       Adders := 1     
	   4 Input    2 Bit       Adders := 2     
	   2 Input    1 Bit       Adders := 1     
+---XORs : 
	   2 Input      9 Bit         XORs := 4     
	   2 Input      8 Bit         XORs := 4     
	   2 Input      1 Bit         XORs := 90    
+---Registers : 
	               32 Bit    Registers := 2     
	               14 Bit    Registers := 1     
	                9 Bit    Registers := 32    
	                8 Bit    Registers := 39    
	                7 Bit    Registers := 1     
	                6 Bit    Registers := 1     
	                5 Bit    Registers := 1     
	                2 Bit    Registers := 11    
	                1 Bit    Registers := 191   
+---RAMs : 
	               2K Bit	(256 X 8 bit)          RAMs := 2     
+---Muxes : 
	   2 Input   32 Bit        Muxes := 3     
	   3 Input    9 Bit        Muxes := 2     
	   2 Input    9 Bit        Muxes := 2     
	   2 Input    8 Bit        Muxes := 11    
	   2 Input    7 Bit        Muxes := 1     
	   6 Input    5 Bit        Muxes := 2     
	   2 Input    5 Bit        Muxes := 17    
	   4 Input    4 Bit        Muxes := 1     
	   2 Input    4 Bit        Muxes := 6     
	   7 Input    2 Bit        Muxes := 1     
	   2 Input    2 Bit        Muxes := 68    
	   5 Input    2 Bit        Muxes := 2     
	   4 Input    2 Bit        Muxes := 14    
	  11 Input    2 Bit        Muxes := 1     
	   2 Input    1 Bit        Muxes := 107   
	   4 Input    1 Bit        Muxes := 8     
	   6 Input    1 Bit        Muxes := 4     
	   5 Input    1 Bit        Muxes := 6     
	   3 Input    1 Bit        Muxes := 3     
---------------------------------------------------------------------------------
Finished RTL Component Statistics 
---------------------------------------------------------------------------------
---------------------------------------------------------------------------------
Start Part Resource Summary
---------------------------------------------------------------------------------
Part Resources:
DSPs: 90 (col length:60)
BRAMs: 100 (col length: RAMB18 60 RAMB36 30)
---------------------------------------------------------------------------------
Finished Part Resource Summary
---------------------------------------------------------------------------------
---------------------------------------------------------------------------------
Start Cross Boundary and Area Optimization
---------------------------------------------------------------------------------
---------------------------------------------------------------------------------
Finished Cross Boundary and Area Optimization : Time (s): cpu = 00:00:29 ; elapsed = 00:00:44 . Memory (MB): peak = 2502.562 ; gain = 63.898 ; free physical = 4203 ; free virtual = 5049
---------------------------------------------------------------------------------
---------------------------------------------------------------------------------
Start ROM, RAM, DSP, Shift Register and Retiming Reporting
---------------------------------------------------------------------------------

Block RAM: Preliminary Mapping Report (see note below)
+-----------------+----------------------------------+------------------------+---+---+------------------------+---+---+------------------+--------+--------+
|Module Name      | RTL Object                       | PORT A (Depth x Width) | W | R | PORT B (Depth x Width) | W | R | Ports driving FF | RAMB18 | RAMB36 | 
+-----------------+----------------------------------+------------------------+---+---+------------------------+---+---+------------------+--------+--------+
|xpm_memory_base: | gen_wr_a.gen_word_narrow.mem_reg | 256 x 8(NO_CHANGE)     | W |   | 256 x 8(WRITE_FIRST)   |   | R | Port A and B     | 1      | 0      | 
|xpm_memory_base: | gen_wr_a.gen_word_narrow.mem_reg | 256 x 8(NO_CHANGE)     | W |   | 256 x 8(WRITE_FIRST)   |   | R | Port A and B     | 1      | 0      | 
+-----------------+----------------------------------+------------------------+---+---+------------------------+---+---+------------------+--------+--------+

Note: The table above is a preliminary report that shows the Block RAMs at the current stage of the synthesis flow. Some Block RAMs may be reimplemented as non Block RAM primitives later in the synthesis flow. Multiple instantiated Block RAMs are reported only once. 
---------------------------------------------------------------------------------
Finished ROM, RAM, DSP, Shift Register and Retiming Reporting
---------------------------------------------------------------------------------
---------------------------------------------------------------------------------
Start Applying XDC Timing Constraints
---------------------------------------------------------------------------------
---------------------------------------------------------------------------------
Finished Applying XDC Timing Constraints : Time (s): cpu = 00:00:34 ; elapsed = 00:00:50 . Memory (MB): peak = 2502.562 ; gain = 63.898 ; free physical = 5919 ; free virtual = 6854
---------------------------------------------------------------------------------
---------------------------------------------------------------------------------
Start Timing Optimization
---------------------------------------------------------------------------------
---------------------------------------------------------------------------------
Finished Timing Optimization : Time (s): cpu = 00:00:35 ; elapsed = 00:00:51 . Memory (MB): peak = 2502.562 ; gain = 63.898 ; free physical = 7676 ; free virtual = 8631
---------------------------------------------------------------------------------
---------------------------------------------------------------------------------
Start ROM, RAM, DSP, Shift Register and Retiming Reporting
---------------------------------------------------------------------------------

Block RAM: Final Mapping Report
+-----------------+----------------------------------+------------------------+---+---+------------------------+---+---+------------------+--------+--------+
|Module Name      | RTL Object                       | PORT A (Depth x Width) | W | R | PORT B (Depth x Width) | W | R | Ports driving FF | RAMB18 | RAMB36 | 
+-----------------+----------------------------------+------------------------+---+---+------------------------+---+---+------------------+--------+--------+
|xpm_memory_base: | gen_wr_a.gen_word_narrow.mem_reg | 256 x 8(NO_CHANGE)     | W |   | 256 x 8(WRITE_FIRST)   |   | R | Port A and B     | 1      | 0      | 
|xpm_memory_base: | gen_wr_a.gen_word_narrow.mem_reg | 256 x 8(NO_CHANGE)     | W |   | 256 x 8(WRITE_FIRST)   |   | R | Port A and B     | 1      | 0      | 
+-----------------+----------------------------------+------------------------+---+---+------------------------+---+---+------------------+--------+--------+

---------------------------------------------------------------------------------
Finished ROM, RAM, DSP, Shift Register and Retiming Reporting
---------------------------------------------------------------------------------
---------------------------------------------------------------------------------
Start Technology Mapping
---------------------------------------------------------------------------------
---------------------------------------------------------------------------------
Finished Technology Mapping : Time (s): cpu = 00:00:36 ; elapsed = 00:00:51 . Memory (MB): peak = 2502.562 ; gain = 63.898 ; free physical = 7664 ; free virtual = 8619
---------------------------------------------------------------------------------
---------------------------------------------------------------------------------
Start IO Insertion
---------------------------------------------------------------------------------
---------------------------------------------------------------------------------
Start Flattening Before IO Insertion
---------------------------------------------------------------------------------
---------------------------------------------------------------------------------
Finished Flattening Before IO Insertion
---------------------------------------------------------------------------------
---------------------------------------------------------------------------------
Start Final Netlist Cleanup
---------------------------------------------------------------------------------
---------------------------------------------------------------------------------
Finished Final Netlist Cleanup
---------------------------------------------------------------------------------
---------------------------------------------------------------------------------
Finished IO Insertion : Time (s): cpu = 00:00:39 ; elapsed = 00:00:54 . Memory (MB): peak = 2502.562 ; gain = 63.898 ; free physical = 7609 ; free virtual = 8609
---------------------------------------------------------------------------------
---------------------------------------------------------------------------------
Start Renaming Generated Instances
---------------------------------------------------------------------------------
---------------------------------------------------------------------------------
Finished Renaming Generated Instances : Time (s): cpu = 00:00:39 ; elapsed = 00:00:54 . Memory (MB): peak = 2502.562 ; gain = 63.898 ; free physical = 7610 ; free virtual = 8610
---------------------------------------------------------------------------------
---------------------------------------------------------------------------------
Start Rebuilding User Hierarchy
---------------------------------------------------------------------------------
---------------------------------------------------------------------------------
Finished Rebuilding User Hierarchy : Time (s): cpu = 00:00:39 ; elapsed = 00:00:54 . Memory (MB): peak = 2502.562 ; gain = 63.898 ; free physical = 7612 ; free virtual = 8611
---------------------------------------------------------------------------------
---------------------------------------------------------------------------------
Start Renaming Generated Ports
---------------------------------------------------------------------------------
---------------------------------------------------------------------------------
Finished Renaming Generated Ports : Time (s): cpu = 00:00:39 ; elapsed = 00:00:54 . Memory (MB): peak = 2502.562 ; gain = 63.898 ; free physical = 7612 ; free virtual = 8611
---------------------------------------------------------------------------------
---------------------------------------------------------------------------------
Start Handling Custom Attributes
---------------------------------------------------------------------------------
---------------------------------------------------------------------------------
Finished Handling Custom Attributes : Time (s): cpu = 00:00:39 ; elapsed = 00:00:55 . Memory (MB): peak = 2502.562 ; gain = 63.898 ; free physical = 7612 ; free virtual = 8611
---------------------------------------------------------------------------------
---------------------------------------------------------------------------------
Start Renaming Generated Nets
---------------------------------------------------------------------------------
---------------------------------------------------------------------------------
Finished Renaming Generated Nets : Time (s): cpu = 00:00:39 ; elapsed = 00:00:55 . Memory (MB): peak = 2502.562 ; gain = 63.898 ; free physical = 7612 ; free virtual = 8611
---------------------------------------------------------------------------------
---------------------------------------------------------------------------------
Start Writing Synthesis Report
---------------------------------------------------------------------------------

Report BlackBoxes: 
+-+--------------+----------+
| |BlackBox name |Instances |
+-+--------------+----------+
+-+--------------+----------+

Report Cell Usage: 
+------+---------+------+
|      |Cell     |Count |
+------+---------+------+
|1     |CARRY4   |    22|
|2     |LUT1     |    31|
|3     |LUT2     |   202|
|4     |LUT3     |    86|
|5     |LUT4     |   125|
|6     |LUT5     |   150|
|7     |LUT6     |   175|
|8     |RAMB18E1 |     2|
|9     |FD       |     6|
|10    |FDR      |    43|
|11    |FDRE     |   760|
|12    |FDSE     |    28|
+------+---------+------+
---------------------------------------------------------------------------------
Finished Writing Synthesis Report : Time (s): cpu = 00:00:39 ; elapsed = 00:00:55 . Memory (MB): peak = 2502.562 ; gain = 63.898 ; free physical = 7612 ; free virtual = 8611
---------------------------------------------------------------------------------
Synthesis finished with 0 errors, 0 critical warnings and 0 warnings.
Synthesis Optimization Runtime : Time (s): cpu = 00:00:37 ; elapsed = 00:00:52 . Memory (MB): peak = 2502.562 ; gain = 0.000 ; free physical = 7660 ; free virtual = 8659
Synthesis Optimization Complete : Time (s): cpu = 00:00:39 ; elapsed = 00:00:55 . Memory (MB): peak = 2502.562 ; gain = 63.898 ; free physical = 7660 ; free virtual = 8659
INFO: [Project 1-571] Translating synthesized netlist
Netlist sorting complete. Time (s): cpu = 00:00:00.01 ; elapsed = 00:00:00.02 . Memory (MB): peak = 2502.562 ; gain = 0.000 ; free physical = 7746 ; free virtual = 8745
INFO: [Netlist 29-17] Analyzing 73 Unisim elements for replacement
INFO: [Netlist 29-28] Unisim Transformation completed in 0 CPU seconds
INFO: [Project 1-570] Preparing netlist for logic optimization
INFO: [Opt 31-138] Pushed 0 inverter(s) to 0 load pin(s).
WARNING: [Constraints 18-5572] Instance U0/NO_DUAL_QUAD_MODE.QSPI_NORMAL/QSPI_LEGACY_MD_GEN.QSPI_CORE_INTERFACE_I/LOGIC_FOR_MD_0_GEN.SPI_MODULE_I/RATIO_OF_4_GENERATE.SCK_O_EQ_4_NO_STARTUP_USED.SCK_O_EQ_4_FDRE_INST has IOB constraint set, However, the instance does not seem to have valid I/O connection to be placed into I/O. The constraint on the instance will be ignored.
Netlist sorting complete. Time (s): cpu = 00:00:00 ; elapsed = 00:00:00 . Memory (MB): peak = 2502.562 ; gain = 0.000 ; free physical = 7679 ; free virtual = 8678
INFO: [Project 1-111] Unisim Transformation Summary:
  A total of 49 instances were transformed.
  FD => FDRE: 6 instances
  FDR => FDRE: 43 instances

Synth Design complete, checksum: 8aadba5a
INFO: [Common 17-83] Releasing license: Synthesis
287 Infos, 9 Warnings, 0 Critical Warnings and 0 Errors encountered.
synth_design completed successfully
synth_design: Time (s): cpu = 00:00:51 ; elapsed = 00:00:59 . Memory (MB): peak = 2502.562 ; gain = 64.031 ; free physical = 7826 ; free virtual = 8826
INFO: [Common 17-1381] The checkpoint '/home/chilin/emb/HW4/aquila_sd/aquila_sd.runs/axi_quad_spi_0_synth_1/axi_quad_spi_0.dcp' has been generated.
INFO: [Coretcl 2-1648] Added synthesis output to IP cache for IP axi_quad_spi_0, cache-ID = b0476ea70cb28362
INFO: [Coretcl 2-1174] Renamed 81 cell refs.
INFO: [Common 17-1381] The checkpoint '/home/chilin/emb/HW4/aquila_sd/aquila_sd.runs/axi_quad_spi_0_synth_1/axi_quad_spi_0.dcp' has been generated.
INFO: [runtcl-4] Executing : report_utilization -file axi_quad_spi_0_utilization_synth.rpt -pb axi_quad_spi_0_utilization_synth.pb
INFO: [Common 17-206] Exiting Vivado at Sat Dec  4 22:48:09 2021...
